#
# There is insufficient memory for the Java Runtime Environment to continue.
# Native memory allocation (mmap) failed to map 60817408 bytes for committing reserved memory.
# Possible reasons:
#   The system is out of physical RAM or swap space
#   The process is running with CompressedOops enabled, and the Java Heap may be blocking the growth of the native heap
# Possible solutions:
#   Reduce memory load on the system
#   Increase physical memory or swap space
#   Check if swap backing store is full
#   Decrease Java heap size (-Xmx/-Xms)
#   Decrease number of Java threads
#   Decrease Java thread stack sizes (-Xss)
#   Set larger code cache with -XX:ReservedCodeCacheSize=
#   JVM is running with Unscaled Compressed Oops mode in which the Java heap is
#     placed in the first 4GB address space. The Java Heap base address is the
#     maximum limit for the native heap growth. Please use -XX:HeapBaseMinAddress
#     to set the Java Heap base and to place the Java Heap above 4GB virtual address.
# This output file may be truncated or incomplete.
#
#  Out of Memory Error (os_linux.cpp:2792), pid=6797, tid=0x00007f0089c56700
#
# JRE version: OpenJDK Runtime Environment (8.0_265-b01) (build 1.8.0_265-8u265-b01-0ubuntu2~18.04-b01)
# Java VM: OpenJDK 64-Bit Server VM (25.265-b01 mixed mode linux-amd64 compressed oops)
# Failed to write core dump. Core dumps have been disabled. To enable core dumping, try "ulimit -c unlimited" before starting Java again
#

---------------  T H R E A D  ---------------

Current thread (0x00007f009c0fc000):  VMThread [stack: 0x00007f0089b57000,0x00007f0089c57000] [id=6803]

Stack: [0x00007f0089b57000,0x00007f0089c57000],  sp=0x00007f0089c55370,  free space=1016k
Native frames: (J=compiled Java code, j=interpreted, Vv=VM code, C=native code)
V  [libjvm.so+0xabaae2]
V  [libjvm.so+0x4de3f7]
V  [libjvm.so+0x8f0560]
V  [libjvm.so+0x8e74be]
V  [libjvm.so+0x96eb16]
V  [libjvm.so+0x95d34a]
V  [libjvm.so+0x95d518]
V  [libjvm.so+0x95e120]
V  [libjvm.so+0x9644dc]
V  [libjvm.so+0x96c735]
V  [libjvm.so+0x91ae28]
V  [libjvm.so+0xabc812]
V  [libjvm.so+0xac11b6]
V  [libjvm.so+0xabf14e]
V  [libjvm.so+0xabfd5b]
V  [libjvm.so+0xac0198]
V  [libjvm.so+0x8ed782]

VM_Operation (0x00007f00a41ae360): ParallelGCFailedAllocation, mode: safepoint, requested by thread 0x00007f009c00b000


---------------  P R O C E S S  ---------------

Java Threads: ( => current thread )
  0x00007f009e6d4000 JavaThread "process reaper" daemon [_thread_blocked, id=7075, stack(0x00007f008833f000,0x00007f0088378000)]
  0x00007f009e695000 JavaThread "FilePath.localPool [#1]" daemon [_thread_blocked, id=6864, stack(0x00007f00580ad000,0x00007f00581ae000)]
  0x00007f009ccca800 JavaThread "Java2D Disposer" daemon [_thread_blocked, id=6849, stack(0x00007f0088578000,0x00007f0088679000)]
  0x00007f009c144800 JavaThread "Service Thread" daemon [_thread_blocked, id=6809, stack(0x00007f0089242000,0x00007f0089343000)]
  0x00007f009c142000 JavaThread "C1 CompilerThread1" daemon [_thread_blocked, id=6808, stack(0x00007f0089344000,0x00007f0089444000)]
  0x00007f009c13f000 JavaThread "C2 CompilerThread0" daemon [_thread_blocked, id=6807, stack(0x00007f0089445000,0x00007f0089545000)]
  0x00007f009c13b000 JavaThread "Signal Dispatcher" daemon [_thread_blocked, id=6806, stack(0x00007f0089545000,0x00007f0089646000)]
  0x00007f009c10a000 JavaThread "Finalizer" daemon [_thread_blocked, id=6805, stack(0x00007f0089954000,0x00007f0089a55000)]
  0x00007f009c105800 JavaThread "Reference Handler" daemon [_thread_blocked, id=6804, stack(0x00007f0089a55000,0x00007f0089b56000)]
  0x00007f009c00b000 JavaThread "main" [_thread_blocked, id=6800, stack(0x00007f00a40b1000,0x00007f00a41b1000)]

Other Threads:
=>0x00007f009c0fc000 VMThread [stack: 0x00007f0089b57000,0x00007f0089c57000] [id=6803]
  0x00007f009c147000 WatcherThread [stack: 0x00007f0089142000,0x00007f0089242000] [id=6810]

VM state:at safepoint (normal execution)

VM Mutex/Monitor currently owned by a thread:  ([mutex/lock_event])
[0x00007f009c007610] ExpandHeap_lock - owner thread: 0x00007f009c0fc000
[0x00007f009c007c90] Threads_lock - owner thread: 0x00007f009c0fc000
[0x00007f009c008190] Heap_lock - owner thread: 0x00007f009c00b000

heap address: 0x00000000c2400000, size: 988 MB, Compressed Oops mode: 32-bit
Narrow klass base: 0x0000000000000000, Narrow klass shift: 3
Compressed class space size: 1073741824 Address: 0x0000000100000000

Heap:
 PSYoungGen      total 281600K, used 0K [0x00000000eb700000, 0x0000000100000000, 0x0000000100000000)
  eden space 258048K, 0% used [0x00000000eb700000,0x00000000eb700000,0x00000000fb300000)
  from space 23552K, 0% used [0x00000000fe700000,0x00000000fe700000,0x00000000ffe00000)
  to   space 39424K, 0% used [0x00000000fb300000,0x00000000fb300000,0x00000000fd980000)
 ParOldGen       total 101376K, used 96897K [0x00000000c2400000, 0x00000000c8700000, 0x00000000eb700000)
  object space 101376K, 95% used [0x00000000c2400000,0x00000000c82a04e8,0x00000000c8700000)
 Metaspace       used 51503K, capacity 52364K, committed 59224K, reserved 1101824K
  class space    used 5792K, capacity 6036K, committed 7768K, reserved 1048576K

Card table byte_map: [0x00007f00a0460000,0x00007f00a064f000] byte_map_base: 0x00007f009fe4e000

Marking Bits: (ParMarkBitMap*) 0x00007f00a3357520
 Begin Bits: [0x00007f008b120000, 0x00007f008c090000)
 End Bits:   [0x00007f008c090000, 0x00007f008d000000)

Polling page: 0x00007f00a41d8000

CodeCache: size=245760Kb used=21563Kb max_used=21569Kb free=224196Kb
 bounds [0x00007f008d000000, 0x00007f008e540000, 0x00007f009c000000]
 total_blobs=6758 nmethods=5784 adapters=887
 compilation: enabled

Compilation events (10 events):
Event: 228.537 Thread 0x00007f009c13f000 nmethod 8988 0x00007f008e52c9d0 code [0x00007f008e52cc00, 0x00007f008e52d790]
Event: 228.537 Thread 0x00007f009c13f000 8990       4       com.trilead.ssh2.crypto.digest.MD5::transform (1563 bytes)
Event: 228.540 Thread 0x00007f009c142000 8996 %     3       hudson.util.ConsistentHash::addInternal @ 38 (105 bytes)
Event: 228.541 Thread 0x00007f009c142000 nmethod 8996% 0x00007f008e52a3d0 code [0x00007f008e52a680, 0x00007f008e52bba8]
Event: 228.569 Thread 0x00007f009c13f000 nmethod 8990 0x00007f008e5292d0 code [0x00007f008e529420, 0x00007f008e52a2b8]
Event: 228.569 Thread 0x00007f009c13f000 8989       4       sun.nio.cs.ISO_8859_1$Encoder::encodeISOArray (47 bytes)
Event: 228.570 Thread 0x00007f009c142000 8999       3       hudson.util.ConsistentHash::addInternal (105 bytes)
Event: 228.571 Thread 0x00007f009c142000 nmethod 8999 0x00007f008e52f890 code [0x00007f008e52fb40, 0x00007f008e530f68]
Event: 228.572 Thread 0x00007f009c13f000 nmethod 8989 0x00007f008e51edd0 code [0x00007f008e51ef20, 0x00007f008e51f138]
Event: 228.572 Thread 0x00007f009c13f000 8992       4       hudson.util.ConsistentHash::md5 (112 bytes)

GC Heap History (10 events):
Event: 188.709 GC heap after
Heap after GC invocations=42 (full 4):
 PSYoungGen      total 309248K, used 8576K [0x00000000eb700000, 0x0000000100000000, 0x0000000100000000)
  eden space 282112K, 0% used [0x00000000eb700000,0x00000000eb700000,0x00000000fca80000)
  from space 27136K, 31% used [0x00000000fe400000,0x00000000fec60000,0x00000000ffe80000)
  to   space 26112K, 0% used [0x00000000fca80000,0x00000000fca80000,0x00000000fe400000)
 ParOldGen       total 80896K, used 58235K [0x00000000c2400000, 0x00000000c7300000, 0x00000000eb700000)
  object space 80896K, 71% used [0x00000000c2400000,0x00000000c5cdef50,0x00000000c7300000)
 Metaspace       used 52289K, capacity 53020K, committed 55640K, reserved 1097728K
  class space    used 5854K, capacity 6023K, committed 7768K, reserved 1048576K
}
Event: 189.431 GC heap before
{Heap before GC invocations=43 (full 4):
 PSYoungGen      total 309248K, used 290688K [0x00000000eb700000, 0x0000000100000000, 0x0000000100000000)
  eden space 282112K, 100% used [0x00000000eb700000,0x00000000fca80000,0x00000000fca80000)
  from space 27136K, 31% used [0x00000000fe400000,0x00000000fec60000,0x00000000ffe80000)
  to   space 26112K, 0% used [0x00000000fca80000,0x00000000fca80000,0x00000000fe400000)
 ParOldGen       total 80896K, used 58235K [0x00000000c2400000, 0x00000000c7300000, 0x00000000eb700000)
  object space 80896K, 71% used [0x00000000c2400000,0x00000000c5cdef50,0x00000000c7300000)
 Metaspace       used 52291K, capacity 53084K, committed 55640K, reserved 1097728K
  class space    used 5854K, capacity 6023K, committed 7768K, reserved 1048576K
Event: 189.475 GC heap after
Heap after GC invocations=43 (full 4):
 PSYoungGen      total 308224K, used 12192K [0x00000000eb700000, 0x00000000ffd00000, 0x0000000100000000)
  eden space 282112K, 0% used [0x00000000eb700000,0x00000000eb700000,0x00000000fca80000)
  from space 26112K, 46% used [0x00000000fca80000,0x00000000fd668000,0x00000000fe400000)
  to   space 25088K, 0% used [0x00000000fe480000,0x00000000fe480000,0x00000000ffd00000)
 ParOldGen       total 80896K, used 60771K [0x00000000c2400000, 0x00000000c7300000, 0x00000000eb700000)
  object space 80896K, 75% used [0x00000000c2400000,0x00000000c5f58f50,0x00000000c7300000)
 Metaspace       used 52291K, capacity 53084K, committed 55640K, reserved 1097728K
  class space    used 5854K, capacity 6023K, committed 7768K, reserved 1048576K
}
Event: 190.102 GC heap before
{Heap before GC invocations=44 (full 4):
 PSYoungGen      total 308224K, used 294304K [0x00000000eb700000, 0x00000000ffd00000, 0x0000000100000000)
  eden space 282112K, 100% used [0x00000000eb700000,0x00000000fca80000,0x00000000fca80000)
  from space 26112K, 46% used [0x00000000fca80000,0x00000000fd668000,0x00000000fe400000)
  to   space 25088K, 0% used [0x00000000fe480000,0x00000000fe480000,0x00000000ffd00000)
 ParOldGen       total 80896K, used 60771K [0x00000000c2400000, 0x00000000c7300000, 0x00000000eb700000)
  object space 80896K, 75% used [0x00000000c2400000,0x00000000c5f58f50,0x00000000c7300000)
 Metaspace       used 52293K, capacity 53084K, committed 55640K, reserved 1097728K
  class space    used 5854K, capacity 6023K, committed 7768K, reserved 1048576K
Event: 190.125 GC heap after
Heap after GC invocations=44 (full 4):
 PSYoungGen      total 309760K, used 10016K [0x00000000eb700000, 0x00000000ffd00000, 0x0000000100000000)
  eden space 284672K, 0% used [0x00000000eb700000,0x00000000eb700000,0x00000000fcd00000)
  from space 25088K, 39% used [0x00000000fe480000,0x00000000fee48000,0x00000000ffd00000)
  to   space 24064K, 0% used [0x00000000fcd00000,0x00000000fcd00000,0x00000000fe480000)
 ParOldGen       total 80896K, used 64419K [0x00000000c2400000, 0x00000000c7300000, 0x00000000eb700000)
  object space 80896K, 79% used [0x00000000c2400000,0x00000000c62e8f50,0x00000000c7300000)
 Metaspace       used 52293K, capacity 53084K, committed 55640K, reserved 1097728K
  class space    used 5854K, capacity 6023K, committed 7768K, reserved 1048576K
}
Event: 196.147 GC heap before
{Heap before GC invocations=45 (full 4):
 PSYoungGen      total 309760K, used 294688K [0x00000000eb700000, 0x00000000ffd00000, 0x0000000100000000)
  eden space 284672K, 100% used [0x00000000eb700000,0x00000000fcd00000,0x00000000fcd00000)
  from space 25088K, 39% used [0x00000000fe480000,0x00000000fee48000,0x00000000ffd00000)
  to   space 24064K, 0% used [0x00000000fcd00000,0x00000000fcd00000,0x00000000fe480000)
 ParOldGen       total 80896K, used 64419K [0x00000000c2400000, 0x00000000c7300000, 0x00000000eb700000)
  object space 80896K, 79% used [0x00000000c2400000,0x00000000c62e8f50,0x00000000c7300000)
 Metaspace       used 52543K, capacity 53382K, committed 55640K, reserved 1097728K
  class space    used 5885K, capacity 6094K, committed 7768K, reserved 1048576K
Event: 196.176 GC heap after
Heap after GC invocations=45 (full 4):
 PSYoungGen      total 308736K, used 13680K [0x00000000eb700000, 0x00000000ffe00000, 0x0000000100000000)
  eden space 284672K, 0% used [0x00000000eb700000,0x00000000eb700000,0x00000000fcd00000)
  from space 24064K, 56% used [0x00000000fcd00000,0x00000000fda5c2d8,0x00000000fe480000)
  to   space 23552K, 0% used [0x00000000fe700000,0x00000000fe700000,0x00000000ffe00000)
 ParOldGen       total 80896K, used 67371K [0x00000000c2400000, 0x00000000c7300000, 0x00000000eb700000)
  object space 80896K, 83% used [0x00000000c2400000,0x00000000c65caf50,0x00000000c7300000)
 Metaspace       used 52543K, capacity 53382K, committed 55640K, reserved 1097728K
  class space    used 5885K, capacity 6094K, committed 7768K, reserved 1048576K
}
Event: 228.633 GC heap before
{Heap before GC invocations=46 (full 4):
 PSYoungGen      total 308736K, used 298352K [0x00000000eb700000, 0x00000000ffe00000, 0x0000000100000000)
  eden space 284672K, 100% used [0x00000000eb700000,0x00000000fcd00000,0x00000000fcd00000)
  from space 24064K, 56% used [0x00000000fcd00000,0x00000000fda5c2d8,0x00000000fe480000)
  to   space 23552K, 0% used [0x00000000fe700000,0x00000000fe700000,0x00000000ffe00000)
 ParOldGen       total 80896K, used 67371K [0x00000000c2400000, 0x00000000c7300000, 0x00000000eb700000)
  object space 80896K, 83% used [0x00000000c2400000,0x00000000c65caf50,0x00000000c7300000)
 Metaspace       used 57093K, capacity 58018K, committed 59224K, reserved 1101824K
  class space    used 6405K, capacity 6660K, committed 7768K, reserved 1048576K
Event: 228.790 GC heap after
Heap after GC invocations=46 (full 4):
 PSYoungGen      total 281600K, used 23525K [0x00000000eb700000, 0x0000000100000000, 0x0000000100000000)
  eden space 258048K, 0% used [0x00000000eb700000,0x00000000eb700000,0x00000000fb300000)
  from space 23552K, 99% used [0x00000000fe700000,0x00000000ffdf96a8,0x00000000ffe00000)
  to   space 39424K, 0% used [0x00000000fb300000,0x00000000fb300000,0x00000000fd980000)
 ParOldGen       total 101376K, used 101242K [0x00000000c2400000, 0x00000000c8700000, 0x00000000eb700000)
  object space 101376K, 99% used [0x00000000c2400000,0x00000000c86debf0,0x00000000c8700000)
 Metaspace       used 57093K, capacity 58018K, committed 59224K, reserved 1101824K
  class space    used 6405K, capacity 6660K, committed 7768K, reserved 1048576K
}
Event: 228.790 GC heap before
{Heap before GC invocations=47 (full 5):
 PSYoungGen      total 281600K, used 23525K [0x00000000eb700000, 0x0000000100000000, 0x0000000100000000)
  eden space 258048K, 0% used [0x00000000eb700000,0x00000000eb700000,0x00000000fb300000)
  from space 23552K, 99% used [0x00000000fe700000,0x00000000ffdf96a8,0x00000000ffe00000)
  to   space 39424K, 0% used [0x00000000fb300000,0x00000000fb300000,0x00000000fd980000)
 ParOldGen       total 101376K, used 101242K [0x00000000c2400000, 0x00000000c8700000, 0x00000000eb700000)
  object space 101376K, 99% used [0x00000000c2400000,0x00000000c86debf0,0x00000000c8700000)
 Metaspace       used 57093K, capacity 58018K, committed 59224K, reserved 1101824K
  class space    used 6405K, capacity 6660K, committed 7768K, reserved 1048576K

Deoptimization events (10 events):
Event: 225.165 Thread 0x00007f009c00b000 Uncommon trap: reason=bimorphic action=maybe_recompile pc=0x00007f008d126364 method=java.util.Arrays.equals([Ljava/lang/Object;[Ljava/lang/Object;)Z @ 62
Event: 225.166 Thread 0x00007f009c00b000 Uncommon trap: reason=bimorphic action=maybe_recompile pc=0x00007f008d126364 method=java.util.Arrays.equals([Ljava/lang/Object;[Ljava/lang/Object;)Z @ 62
Event: 225.167 Thread 0x00007f009c00b000 Uncommon trap: reason=unstable_if action=reinterpret pc=0x00007f008e3653c0 method=java.util.WeakHashMap.get(Ljava/lang/Object;)Ljava/lang/Object; @ 56
Event: 225.167 Thread 0x00007f009c00b000 Uncommon trap: reason=class_check action=maybe_recompile pc=0x00007f008d7941d0 method=java.util.WeakHashMap.eq(Ljava/lang/Object;Ljava/lang/Object;)Z @ 7
Event: 225.276 Thread 0x00007f009c00b000 Uncommon trap: reason=unstable_if action=reinterpret pc=0x00007f008dbf7cbc method=java.lang.reflect.AccessibleObject.setAccessible0(Ljava/lang/reflect/AccessibleObject;Z)V @ 23
Event: 225.821 Thread 0x00007f009c00b000 Uncommon trap: reason=bimorphic action=maybe_recompile pc=0x00007f008d3ad664 method=java.lang.StringCoding$StringEncoder.charsetName()Ljava/lang/String; @ 17
Event: 225.821 Thread 0x00007f009c00b000 Uncommon trap: reason=bimorphic action=maybe_recompile pc=0x00007f008d3ad664 method=java.lang.StringCoding$StringEncoder.charsetName()Ljava/lang/String; @ 17
Event: 226.145 Thread 0x00007f009e6d4000 Uncommon trap: reason=class_check action=maybe_recompile pc=0x00007f008e3649e4 method=java.util.concurrent.ThreadPoolExecutor.getTask()Ljava/lang/Runnable; @ 139
Event: 227.182 Thread 0x00007f009e6d4000 Uncommon trap: reason=class_check action=maybe_recompile pc=0x00007f008e3649e4 method=java.util.concurrent.ThreadPoolExecutor.getTask()Ljava/lang/Runnable; @ 139
Event: 228.218 Thread 0x00007f009c00b000 Uncommon trap: reason=unstable_if action=reinterpret pc=0x00007f008d3c92fc method=java.util.regex.Pattern$BmpCharProperty.match(Ljava/util/regex/Matcher;ILjava/lang/CharSequence;)Z @ 34

Classes redefined (0 events):
No events

Internal exceptions (10 events):
Event: 225.279 Thread 0x00007f009c00b000 Exception <a 'java/lang/ClassNotFoundException': java/lang/ClassCustomizer> (0x00000000f8d0a970) thrown at [/build/openjdk-8-nxKaDu/openjdk-8-8u265-b01/src/hotspot/src/share/vm/classfile/systemDictionary.cpp, line 215]
Event: 225.324 Thread 0x00007f009c00b000 Exception <a 'java/lang/ClassNotFoundException': groovy/lang/GString$1BeanInfo> (0x00000000f8ded280) thrown at [/build/openjdk-8-nxKaDu/openjdk-8-8u265-b01/src/hotspot/src/share/vm/classfile/systemDictionary.cpp, line 215]
Event: 225.325 Thread 0x00007f009c00b000 Exception <a 'java/lang/ClassNotFoundException': groovy/lang/GStringBeanInfo> (0x00000000f8e04328) thrown at [/build/openjdk-8-nxKaDu/openjdk-8-8u265-b01/src/hotspot/src/share/vm/classfile/systemDictionary.cpp, line 215]
Event: 225.326 Thread 0x00007f009c00b000 Exception <a 'java/lang/ClassNotFoundException': groovy/lang/GStringCustomizer> (0x00000000f8e1bd38) thrown at [/build/openjdk-8-nxKaDu/openjdk-8-8u265-b01/src/hotspot/src/share/vm/classfile/systemDictionary.cpp, line 215]
Event: 225.327 Thread 0x00007f009c00b000 Exception <a 'java/lang/ClassNotFoundException': groovy/lang/GString$1Customizer> (0x00000000f8e40b30) thrown at [/build/openjdk-8-nxKaDu/openjdk-8-8u265-b01/src/hotspot/src/share/vm/classfile/systemDictionary.cpp, line 215]
Event: 225.333 Thread 0x00007f009c00b000 Exception <a 'java/lang/ClassNotFoundException': org/codehaus/groovy/runtime/GStringImplBeanInfo> (0x00000000f8e99e08) thrown at [/build/openjdk-8-nxKaDu/openjdk-8-8u265-b01/src/hotspot/src/share/vm/classfile/systemDictionary.cpp, line 215]
Event: 225.333 Thread 0x00007f009c00b000 Exception <a 'java/lang/ClassNotFoundException': org/codehaus/groovy/runtime/GStringImplCustomizer> (0x00000000f8eb9de8) thrown at [/build/openjdk-8-nxKaDu/openjdk-8-8u265-b01/src/hotspot/src/share/vm/classfile/systemDictionary.cpp, line 215]
Event: 225.818 Thread 0x00007f009c00b000 Exception <a 'sun/nio/fs/UnixException'> (0x00000000f90a6cf8) thrown at [/build/openjdk-8-nxKaDu/openjdk-8-8u265-b01/src/hotspot/src/share/vm/prims/jni.cpp, line 711]
Event: 225.900 Thread 0x00007f009c00b000 Exception <a 'sun/nio/fs/UnixException'> (0x00000000f90cb780) thrown at [/build/openjdk-8-nxKaDu/openjdk-8-8u265-b01/src/hotspot/src/share/vm/prims/jni.cpp, line 711]
Event: 225.901 Thread 0x00007f009c00b000 Exception <a 'sun/nio/fs/UnixException'> (0x00000000f90cdc60) thrown at [/build/openjdk-8-nxKaDu/openjdk-8-8u265-b01/src/hotspot/src/share/vm/prims/jni.cpp, line 711]

Events (10 events):
Event: 228.500 Thread 0x00007f009c00b000 DEOPT UNPACKING pc=0x00007f008d0474c4 sp=0x00007f00a41ae480 mode 0
Event: 228.501 Thread 0x00007f009c00b000 DEOPT PACKING pc=0x00007f008d6417c0 sp=0x00007f00a41ae700
Event: 228.501 Thread 0x00007f009c00b000 DEOPT UNPACKING pc=0x00007f008d0474c4 sp=0x00007f00a41ae480 mode 0
Event: 228.502 Thread 0x00007f009c00b000 DEOPT PACKING pc=0x00007f008d6417c0 sp=0x00007f00a41ae700
Event: 228.502 Thread 0x00007f009c00b000 DEOPT UNPACKING pc=0x00007f008d0474c4 sp=0x00007f00a41ae480 mode 0
Event: 228.503 Thread 0x00007f009c00b000 DEOPT PACKING pc=0x00007f008d6417c0 sp=0x00007f00a41ae700
Event: 228.503 Thread 0x00007f009c00b000 DEOPT UNPACKING pc=0x00007f008d0474c4 sp=0x00007f00a41ae480 mode 0
Event: 228.571 Thread 0x00007f009c00b000 DEOPT PACKING pc=0x00007f008e5288aa sp=0x00007f00a41ae740
Event: 228.571 Thread 0x00007f009c00b000 DEOPT UNPACKING pc=0x00007f008d0474c4 sp=0x00007f00a41ae5a8 mode 0
Event: 228.624 Executing VM operation: ParallelGCFailedAllocation


Dynamic libraries:
c2400000-c8700000 rw-p 00000000 00:00 0 
cc100000-eb700000 ---p 00000000 00:00 0 
eb700000-100000000 rw-p 00000000 00:00 0 
100000000-100796000 rw-p 00000000 00:00 0 
100796000-140000000 ---p 00000000 00:00 0 
56359dc8d000-56359dc8e000 r-xp 00000000 fc:01 1816964                    /usr/lib/jvm/java-8-openjdk-amd64/jre/bin/java
56359de8d000-56359de8e000 r--p 00000000 fc:01 1816964                    /usr/lib/jvm/java-8-openjdk-amd64/jre/bin/java
56359de8e000-56359de8f000 rw-p 00001000 fc:01 1816964                    /usr/lib/jvm/java-8-openjdk-amd64/jre/bin/java
56359e2b7000-56359e2f9000 rw-p 00000000 00:00 0                          [heap]
7f0040c8d000-7f0040c90000 ---p 00000000 00:00 0 
7f0040c90000-7f0040d8e000 rw-p 00000000 00:00 0 
7f0040e8f000-7f0040e92000 ---p 00000000 00:00 0 
7f0040e92000-7f0040f90000 rw-p 00000000 00:00 0 
7f0041394000-7f0041397000 ---p 00000000 00:00 0 
7f0041397000-7f0041495000 rw-p 00000000 00:00 0 
7f0041798000-7f004179b000 ---p 00000000 00:00 0 
7f004179b000-7f0041899000 rw-p 00000000 00:00 0 
7f0041b9c000-7f0041b9f000 ---p 00000000 00:00 0 
7f0041b9f000-7f0041c9d000 rw-p 00000000 00:00 0 
7f00420a1000-7f00420a4000 ---p 00000000 00:00 0 
7f00420a4000-7f00421a2000 rw-p 00000000 00:00 0 
7f00422a3000-7f00422a6000 ---p 00000000 00:00 0 
7f00422a6000-7f00423a4000 rw-p 00000000 00:00 0 
7f00424a5000-7f00424a8000 ---p 00000000 00:00 0 
7f00424a8000-7f00425a6000 rw-p 00000000 00:00 0 
7f00427a8000-7f00427ab000 ---p 00000000 00:00 0 
7f00427ab000-7f00428a9000 rw-p 00000000 00:00 0 
7f00428a9000-7f00428ac000 ---p 00000000 00:00 0 
7f00428ac000-7f00429aa000 rw-p 00000000 00:00 0 
7f00429aa000-7f00429ad000 ---p 00000000 00:00 0 
7f00429ad000-7f0042aab000 rw-p 00000000 00:00 0 
7f0042cad000-7f0042cb0000 ---p 00000000 00:00 0 
7f0042cb0000-7f0042dae000 rw-p 00000000 00:00 0 
7f0042dae000-7f0042db1000 ---p 00000000 00:00 0 
7f0042db1000-7f0042eaf000 rw-p 00000000 00:00 0 
7f0042fb0000-7f0042fb3000 ---p 00000000 00:00 0 
7f0042fb3000-7f00430b1000 rw-p 00000000 00:00 0 
7f00433b4000-7f00433b7000 ---p 00000000 00:00 0 
7f00433b7000-7f00434b5000 rw-p 00000000 00:00 0 
7f00435b6000-7f00435b9000 ---p 00000000 00:00 0 
7f00435b9000-7f00436b7000 rw-p 00000000 00:00 0 
7f00442c3000-7f00442c6000 ---p 00000000 00:00 0 
7f00442c6000-7f00443c4000 rw-p 00000000 00:00 0 
7f00444c5000-7f00444c8000 ---p 00000000 00:00 0 
7f00444c8000-7f00445c6000 rw-p 00000000 00:00 0 
7f0044ecf000-7f0044ed2000 ---p 00000000 00:00 0 
7f0044ed2000-7f0044fd0000 rw-p 00000000 00:00 0 
7f0044fd0000-7f0044fd3000 ---p 00000000 00:00 0 
7f0044fd3000-7f00450d1000 rw-p 00000000 00:00 0 
7f00455d6000-7f00455d9000 ---p 00000000 00:00 0 
7f00455d9000-7f00456d7000 rw-p 00000000 00:00 0 
7f00457d8000-7f00457db000 ---p 00000000 00:00 0 
7f00457db000-7f00458d9000 rw-p 00000000 00:00 0 
7f0045edf000-7f0045ee2000 ---p 00000000 00:00 0 
7f0045ee2000-7f0045fe0000 rw-p 00000000 00:00 0 
7f0045fe0000-7f0045fe3000 ---p 00000000 00:00 0 
7f0045fe3000-7f00460e1000 rw-p 00000000 00:00 0 
7f00460e1000-7f00460e4000 ---p 00000000 00:00 0 
7f00460e4000-7f00461e2000 rw-p 00000000 00:00 0 
7f00461e2000-7f00461e5000 ---p 00000000 00:00 0 
7f00461e5000-7f00462e3000 rw-p 00000000 00:00 0 
7f00469ea000-7f00469ed000 ---p 00000000 00:00 0 
7f00469ed000-7f0046aeb000 rw-p 00000000 00:00 0 
7f0046aeb000-7f0046aee000 ---p 00000000 00:00 0 
7f0046aee000-7f0046bec000 rw-p 00000000 00:00 0 
7f0046ff0000-7f0046ff3000 ---p 00000000 00:00 0 
7f0046ff3000-7f00470f1000 rw-p 00000000 00:00 0 
7f00472f3000-7f00472f6000 ---p 00000000 00:00 0 
7f00472f6000-7f00473f4000 rw-p 00000000 00:00 0 
7f00477f8000-7f00477fb000 ---p 00000000 00:00 0 
7f00477fb000-7f00478f9000 rw-p 00000000 00:00 0 
7f0048000000-7f00480ae000 rw-p 00000000 00:00 0 
7f00480ae000-7f004c000000 ---p 00000000 00:00 0 
7f004c0c1000-7f004c0c4000 ---p 00000000 00:00 0 
7f004c0c4000-7f004c1c2000 rw-p 00000000 00:00 0 
7f004c1c2000-7f004c1c5000 ---p 00000000 00:00 0 
7f004c1c5000-7f004c2c3000 rw-p 00000000 00:00 0 
7f004c7c8000-7f004c7cb000 ---p 00000000 00:00 0 
7f004c7cb000-7f004c8c9000 rw-p 00000000 00:00 0 
7f004c8c9000-7f004c8cc000 ---p 00000000 00:00 0 
7f004c8cc000-7f004c9ca000 rw-p 00000000 00:00 0 
7f004d1d2000-7f004d1d5000 ---p 00000000 00:00 0 
7f004d1d5000-7f004d2d3000 rw-p 00000000 00:00 0 
7f004ddde000-7f004dde1000 ---p 00000000 00:00 0 
7f004dde1000-7f004dedf000 rw-p 00000000 00:00 0 
7f004dedf000-7f004dee2000 ---p 00000000 00:00 0 
7f004dee2000-7f004dfe0000 rw-p 00000000 00:00 0 
7f004f9fc000-7f004fa3c000 rw-p 00000000 00:00 0 
7f004fa3c000-7f004fbff000 ---p 00000000 00:00 0 
7f004fbff000-7f004fcfd000 rw-p 00000000 00:00 0 
7f004fdd4000-7f004fdfc000 r-xp 00000000 fc:01 1817049                    /usr/lib/jvm/java-8-openjdk-amd64/jre/lib/amd64/libsunec.so
7f004fdfc000-7f004fffb000 ---p 00028000 fc:01 1817049                    /usr/lib/jvm/java-8-openjdk-amd64/jre/lib/amd64/libsunec.so
7f004fffb000-7f004ffff000 r--p 00027000 fc:01 1817049                    /usr/lib/jvm/java-8-openjdk-amd64/jre/lib/amd64/libsunec.so
7f004ffff000-7f0050000000 rw-p 0002b000 fc:01 1817049                    /usr/lib/jvm/java-8-openjdk-amd64/jre/lib/amd64/libsunec.so
7f0050000000-7f00501ff000 rw-p 00000000 00:00 0 
7f00501ff000-7f0054000000 ---p 00000000 00:00 0 
7f0054000000-7f0054021000 rw-p 00000000 00:00 0 
7f0054021000-7f0058000000 ---p 00000000 00:00 0 
7f00580ad000-7f00580b0000 ---p 00000000 00:00 0 
7f00580b0000-7f00581ae000 rw-p 00000000 00:00 0 
7f00581ae000-7f00581c0000 r-xp 00000000 fc:01 3893479                    /home/bahi227/Documents/mp3/mp3/jenkins/core/target/jffi9074425433738470472.tmp
7f00581c0000-7f00583bf000 ---p 00012000 fc:01 3893479                    /home/bahi227/Documents/mp3/mp3/jenkins/core/target/jffi9074425433738470472.tmp
7f00583bf000-7f00583c0000 rw-p 00011000 fc:01 3893479                    /home/bahi227/Documents/mp3/mp3/jenkins/core/target/jffi9074425433738470472.tmp
7f00584c3000-7f00586c3000 rw-p 00000000 00:00 0 
7f00586c3000-7f00586f4000 r-xp 00000000 fc:01 6485                       /usr/lib/x86_64-linux-gnu/libpng16.so.16.34.0
7f00586f4000-7f00588f3000 ---p 00031000 fc:01 6485                       /usr/lib/x86_64-linux-gnu/libpng16.so.16.34.0
7f00588f3000-7f00588f4000 r--p 00030000 fc:01 6485                       /usr/lib/x86_64-linux-gnu/libpng16.so.16.34.0
7f00588f4000-7f00588f5000 rw-p 00031000 fc:01 6485                       /usr/lib/x86_64-linux-gnu/libpng16.so.16.34.0
7f00588f5000-7f0058af5000 rw-p 00000000 00:00 0 
7f0058af5000-7f0058cf5000 rw-p 00000000 00:00 0 
7f0058cf5000-7f0058ef5000 rw-p 00000000 00:00 0 
7f0058ef5000-7f0058efc000 r-xp 00000000 fc:01 1816993                    /usr/lib/jvm/java-8-openjdk-amd64/jre/lib/amd64/libawt_headless.so
7f0058efc000-7f00590fb000 ---p 00007000 fc:01 1816993                    /usr/lib/jvm/java-8-openjdk-amd64/jre/lib/amd64/libawt_headless.so
7f00590fb000-7f00590fc000 r--p 00006000 fc:01 1816993                    /usr/lib/jvm/java-8-openjdk-amd64/jre/lib/amd64/libawt_headless.so
7f00590fc000-7f00590fd000 rw-p 00007000 fc:01 1816993                    /usr/lib/jvm/java-8-openjdk-amd64/jre/lib/amd64/libawt_headless.so
7f00590fd000-7f005919c000 r-xp 00000000 fc:01 1816992                    /usr/lib/jvm/java-8-openjdk-amd64/jre/lib/amd64/libawt.so
7f005919c000-7f005939b000 ---p 0009f000 fc:01 1816992                    /usr/lib/jvm/java-8-openjdk-amd64/jre/lib/amd64/libawt.so
7f005939b000-7f005939c000 r--p 0009e000 fc:01 1816992                    /usr/lib/jvm/java-8-openjdk-amd64/jre/lib/amd64/libawt.so
7f005939c000-7f00593a7000 rw-p 0009f000 fc:01 1816992                    /usr/lib/jvm/java-8-openjdk-amd64/jre/lib/amd64/libawt.so
7f00593a7000-7f00595cc000 rw-p 00000000 00:00 0 
7f00595cc000-7f00597cc000 rw-p 00000000 00:00 0 
7f00597cc000-7f00599cc000 rw-p 00000000 00:00 0 
7f00599cc000-7f0059bcc000 rw-p 00000000 00:00 0 
7f0059cbb000-7f0059d68000 r-xp 00000000 fc:01 6349                       /usr/lib/x86_64-linux-gnu/libfreetype.so.6.15.0
7f0059d68000-7f0059f67000 ---p 000ad000 fc:01 6349                       /usr/lib/x86_64-linux-gnu/libfreetype.so.6.15.0
7f0059f67000-7f0059f6e000 r--p 000ac000 fc:01 6349                       /usr/lib/x86_64-linux-gnu/libfreetype.so.6.15.0
7f0059f6e000-7f0059f6f000 rw-p 000b3000 fc:01 6349                       /usr/lib/x86_64-linux-gnu/libfreetype.so.6.15.0
7f0059f6f000-7f0059fbf000 r-xp 00000000 fc:01 1817003                    /usr/lib/jvm/java-8-openjdk-amd64/jre/lib/amd64/libfontmanager.so
7f0059fbf000-7f005a1bf000 ---p 00050000 fc:01 1817003                    /usr/lib/jvm/java-8-openjdk-amd64/jre/lib/amd64/libfontmanager.so
7f005a1bf000-7f005a1c1000 r--p 00050000 fc:01 1817003                    /usr/lib/jvm/java-8-openjdk-amd64/jre/lib/amd64/libfontmanager.so
7f005a1c1000-7f005a1c2000 rw-p 00052000 fc:01 1817003                    /usr/lib/jvm/java-8-openjdk-amd64/jre/lib/amd64/libfontmanager.so
7f005a1c2000-7f005a1cb000 r-xp 00000000 fc:01 1817042                    /usr/lib/jvm/java-8-openjdk-amd64/jre/lib/amd64/libmanagement.so
7f005a1cb000-7f005a3ca000 ---p 00009000 fc:01 1817042                    /usr/lib/jvm/java-8-openjdk-amd64/jre/lib/amd64/libmanagement.so
7f005a3ca000-7f005a3cb000 r--p 00008000 fc:01 1817042                    /usr/lib/jvm/java-8-openjdk-amd64/jre/lib/amd64/libmanagement.so
7f005a3cb000-7f005a3cc000 rw-p 00009000 fc:01 1817042                    /usr/lib/jvm/java-8-openjdk-amd64/jre/lib/amd64/libmanagement.so
7f005a3cc000-7f005a5cc000 rw-p 00000000 00:00 0 
7f005a5cc000-7f005a7cc000 rw-p 00000000 00:00 0 
7f005a8cb000-7f005a8cc000 r-xp 00000000 00:00 0 
7f005a8cc000-7f005a8cd000 r--s 00000000 fc:01 3870877                    /home/bahi227/.cache/fontconfig/087e1975ba9a574b140bb1df193bf770-le64.cache-7
7f005a8cd000-7f005a8ce000 r--s 00000000 fc:01 3870986                    /home/bahi227/.cache/fontconfig/894b4470e3cf185a2f5e9407591f7683-le64.cache-7
7f005a8ce000-7f005a8d9000 r--s 00000000 fc:01 3870985                    /home/bahi227/.cache/fontconfig/945677eb7aeaf62f1d50efc3fb3ec7d8-le64.cache-7
7f005a8d9000-7f005a8de000 r--s 00000000 fc:01 3870984                    /home/bahi227/.cache/fontconfig/2300eef321c393bfd76478a5c0e95b23-le64.cache-7
7f005a8de000-7f005a8df000 r--s 00000000 fc:01 3870983                    /home/bahi227/.cache/fontconfig/0d8c3b2ac0904cb8a57a757ad11a4a08-le64.cache-7
7f005a8df000-7f005a8e3000 r--s 00000000 fc:01 3870982                    /home/bahi227/.cache/fontconfig/de156ccd2eddbdc19d37a45b8b2aac9c-le64.cache-7
7f005a8e3000-7f005a8f8000 r--s 00000000 fc:01 3870981                    /home/bahi227/.cache/fontconfig/04aabc0a78ac019cf9454389977116d2-le64.cache-7
7f005a8f8000-7f005a8f9000 r--s 00000000 fc:01 3870980                    /home/bahi227/.cache/fontconfig/1ac9eb803944fde146138c791f5cc56a-le64.cache-7
7f005a8f9000-7f005a8fd000 r--s 00000000 fc:01 3870979                    /home/bahi227/.cache/fontconfig/385c0604a188198f04d133e54aba7fe7-le64.cache-7
7f005a8fd000-7f005a8fe000 r--s 00000000 fc:01 3870978                    /home/bahi227/.cache/fontconfig/dc05db6664285cc2f12bf69c139ae4c3-le64.cache-7
7f005a8fe000-7f005a900000 r--s 00000000 fc:01 3870977                    /home/bahi227/.cache/fontconfig/14a5e22175779b556eaa434240950366-le64.cache-7
7f005a900000-7f005a901000 r--s 00000000 fc:01 3870976                    /home/bahi227/.cache/fontconfig/660208299946a285a940457d1287da33-le64.cache-7
7f005a901000-7f005a903000 r--s 00000000 fc:01 3870975                    /home/bahi227/.cache/fontconfig/4f3e3037c9980c83b53a9351efadef62-le64.cache-7
7f005a903000-7f005a905000 r--s 00000000 fc:01 3870852                    /home/bahi227/.cache/fontconfig/767a8244fc0220cfb567a839d0392e0b-le64.cache-7
7f005a905000-7f005a907000 r--s 00000000 fc:01 3870973                    /home/bahi227/.cache/fontconfig/69fb4bbe1b2fa860e172a32ebf28505c-le64.cache-7
7f005a907000-7f005a908000 r--s 00000000 fc:01 3870972                    /home/bahi227/.cache/fontconfig/4794a0821666d79190d59a36cb4f44b5-le64.cache-7
7f005a908000-7f005a954000 r--s 00000000 fc:01 3870971                    /home/bahi227/.cache/fontconfig/0bd3dc0958fa2205aaaa8ebb13e2872b-le64.cache-7
7f005a954000-7f005a95b000 r--s 00000000 fc:01 3870970                    /home/bahi227/.cache/fontconfig/8801497958630a81b71ace7c5f9b32a8-le64.cache-7
7f005a95b000-7f005a960000 r--s 00000000 fc:01 3870969                    /home/bahi227/.cache/fontconfig/def309198bfa603429122923fa2bb2d4-le64.cache-7
7f005a960000-7f005a964000 r--s 00000000 fc:01 3870968                    /home/bahi227/.cache/fontconfig/c57959a16110560c8d0fcea73374aeeb-le64.cache-7
7f005a964000-7f005a965000 r--s 00000000 fc:01 3870967                    /home/bahi227/.cache/fontconfig/b872e6e592da6075ffa4ab0a1fcc0c75-le64.cache-7
7f005a965000-7f005a966000 r--s 00000000 fc:01 3870966                    /home/bahi227/.cache/fontconfig/f6d4eedfaab2589bde49f7a3ff831d22-le64.cache-7
7f005a966000-7f005a967000 r--s 00000000 fc:01 3870965                    /home/bahi227/.cache/fontconfig/589f83ef4c36d296ce6e1c846f468f08-le64.cache-7
7f005a967000-7f005a968000 r--s 00000000 fc:01 3870964                    /home/bahi227/.cache/fontconfig/bab58bb527bb656aaa9f116d68a48d89-le64.cache-7
7f005a968000-7f005a969000 r--s 00000000 fc:01 3870963                    /home/bahi227/.cache/fontconfig/2171a34dccabdb6bcbbc728186263178-le64.cache-7
7f005a969000-7f005a96a000 r--s 00000000 fc:01 3870962                    /home/bahi227/.cache/fontconfig/c5c45a61289222e0d30b1a26ef4effbe-le64.cache-7
7f005a96a000-7f005a96b000 r--s 00000000 fc:01 3870961                    /home/bahi227/.cache/fontconfig/aec30016f93e1b46d1a973dce0d74068-le64.cache-7
7f005a96b000-7f005a96c000 r--s 00000000 fc:01 3870955                    /home/bahi227/.cache/fontconfig/3f589640d34b7dc9042c8d453f7c8b9c-le64.cache-7
7f005a96c000-7f005a96d000 r--s 00000000 fc:01 3870913                    /home/bahi227/.cache/fontconfig/16c2fda60d1b4b719f4b3d06fd951d25-le64.cache-7
7f005a96d000-7f005a96e000 r--s 00000000 fc:01 3870910                    /home/bahi227/.cache/fontconfig/a48eab177a16e4f3713381162db2f3e9-le64.cache-7
7f005a96e000-7f005a96f000 r--s 00000000 fc:01 3870909                    /home/bahi227/.cache/fontconfig/564b2e68ac9bc4e36a6f7f6d6125ec1c-le64.cache-7
7f005a96f000-7f005a974000 r--s 00000000 fc:01 3870908                    /home/bahi227/.cache/fontconfig/9d2451b1fd30e5bffe8383fd27c35478-le64.cache-7
7f005a974000-7f005a97a000 r--s 00000000 fc:01 3870907                    /home/bahi227/.cache/fontconfig/3047814df9a2f067bd2d96a2b9c36e5a-le64.cache-7
7f005a97a000-7f005a982000 r--s 00000000 fc:01 3870906                    /home/bahi227/.cache/fontconfig/bf3b770c553c462765856025a94f1ce6-le64.cache-7
7f005a982000-7f005a983000 r--s 00000000 fc:01 3870905                    /home/bahi227/.cache/fontconfig/56cf4f4769d0f4abc89a4895d7bd3ae1-le64.cache-7
7f005a983000-7f005a984000 r--s 00000000 fc:01 3870902                    /home/bahi227/.cache/fontconfig/b9d506c9ac06c20b433354fa67a72993-le64.cache-7
7f005a984000-7f005a98a000 r--s 00000000 fc:01 3870901                    /home/bahi227/.cache/fontconfig/b47c4e1ecd0709278f4910c18777a504-le64.cache-7
7f005a98a000-7f005a98c000 r--s 00000000 fc:01 3870900                    /home/bahi227/.cache/fontconfig/a0107c79d978dfcc5e42cb1335b71036-le64.cache-7
7f005a98c000-7f005a99f000 r--s 00000000 fc:01 3870899                    /home/bahi227/.cache/fontconfig/d52a8644073d54c13679302ca1180695-le64.cache-7
7f005a99f000-7f005a9a0000 r--s 00000000 fc:01 3870896                    /home/bahi227/.cache/fontconfig/370e5b74bf5dafc30834de68e24a87a4-le64.cache-7
7f005a9a0000-7f005a9a1000 r--s 00000000 fc:01 3870895                    /home/bahi227/.cache/fontconfig/6b2c5944714ca7831b25bed9e85cb5c8-le64.cache-7
7f005a9a1000-7f005a9a2000 r--s 00000000 fc:01 3870894                    /home/bahi227/.cache/fontconfig/d5178ab6d91b49bf20a416737dcea9e8-le64.cache-7
7f005a9a2000-7f005a9a3000 r--s 00000000 fc:01 3870891                    /home/bahi227/.cache/fontconfig/551ecf3b0e8b0bca0f25c0944f561853-le64.cache-7
7f005a9a3000-7f005a9a6000 r--s 00000000 fc:01 3870890                    /home/bahi227/.cache/fontconfig/f259c2cffa685e28062317905db73c4a-le64.cache-7
7f005a9a6000-7f005a9a8000 r--s 00000000 fc:01 3870887                    /home/bahi227/.cache/fontconfig/550f3886151c940c12a5ed35f6a00586-le64.cache-7
7f005a9a8000-7f005a9ab000 r--s 00000000 fc:01 3870886                    /home/bahi227/.cache/fontconfig/674d1711f2d1d2a09646eb0bdcadee49-le64.cache-7
7f005a9ab000-7f005a9ac000 r--s 00000000 fc:01 3870883                    /home/bahi227/.cache/fontconfig/8a687c406b77f27d99abfeeba937fcce-le64.cache-7
7f005a9ac000-7f005a9ad000 r--s 00000000 fc:01 3870880                    /home/bahi227/.cache/fontconfig/275f118ebd973fccd8d93a7687e6f9b6-le64.cache-7
7f005a9ad000-7f005a9ae000 r--s 00000000 fc:01 3870851                    /home/bahi227/.cache/fontconfig/3f7329c5293ffd510edef78f73874cfd-le64.cache-7
7f005a9ae000-7f005a9ba000 r--s 00000000 fc:01 3870874                    /home/bahi227/.cache/fontconfig/d589a48862398ed80a3d6066f4f56f4c-le64.cache-7
7f005a9ba000-7f005a9bb000 r--s 00000000 fc:01 3870872                    /home/bahi227/.cache/fontconfig/30829fa25452a46451e813d634d7f916-le64.cache-7
7f005a9bb000-7f005a9bc000 r--s 00000000 fc:01 3870871                    /home/bahi227/.cache/fontconfig/0c9eb80ebd1c36541ebe2852d3bb0c49-le64.cache-7
7f005a9bc000-7f005a9bd000 r--s 00000000 fc:01 3870868                    /home/bahi227/.cache/fontconfig/22368d551a680bfe5a62c02760edf4ea-le64.cache-7
7f005a9bd000-7f005a9cc000 r--s 00000000 fc:01 3870873                    /home/bahi227/.cache/fontconfig/9b89f8e3dae116d678bbf48e5f21f69b-le64.cache-7
7f005a9cc000-7f005abcc000 rw-p 00000000 00:00 0 
7f005abcc000-7f005adcc000 rw-p 00000000 00:00 0 
7f005adcc000-7f005afcc000 rw-p 00000000 00:00 0 
7f005afcc000-7f005b1cc000 rw-p 00000000 00:00 0 
7f005b1cc000-7f005b3cc000 rw-p 00000000 00:00 0 
7f005b3cc000-7f005b5cc000 rw-p 00000000 00:00 0 
7f005b5cc000-7f005b7cc000 rw-p 00000000 00:00 0 
7f005b7cc000-7f005b9cc000 rw-p 00000000 00:00 0 
7f005b9cc000-7f005b9db000 r-xp 00000000 fc:01 25923                      /lib/x86_64-linux-gnu/libnss_myhostname.so.2
7f005b9db000-7f005bbda000 ---p 0000f000 fc:01 25923                      /lib/x86_64-linux-gnu/libnss_myhostname.so.2
7f005bbda000-7f005bbdd000 r--p 0000e000 fc:01 25923                      /lib/x86_64-linux-gnu/libnss_myhostname.so.2
7f005bbdd000-7f005bbde000 rw-p 00011000 fc:01 25923                      /lib/x86_64-linux-gnu/libnss_myhostname.so.2
7f005bbde000-7f005bbf5000 r-xp 00000000 fc:01 47546                      /lib/x86_64-linux-gnu/libresolv-2.27.so
7f005bbf5000-7f005bdf5000 ---p 00017000 fc:01 47546                      /lib/x86_64-linux-gnu/libresolv-2.27.so
7f005bdf5000-7f005bdf6000 r--p 00017000 fc:01 47546                      /lib/x86_64-linux-gnu/libresolv-2.27.so
7f005bdf6000-7f005bdf7000 rw-p 00018000 fc:01 47546                      /lib/x86_64-linux-gnu/libresolv-2.27.so
7f005bdf7000-7f005bdf9000 rw-p 00000000 00:00 0 
7f005bdf9000-7f005bdfe000 r-xp 00000000 fc:01 47529                      /lib/x86_64-linux-gnu/libnss_dns-2.27.so
7f005bdfe000-7f005bffe000 ---p 00005000 fc:01 47529                      /lib/x86_64-linux-gnu/libnss_dns-2.27.so
7f005bffe000-7f005bfff000 r--p 00005000 fc:01 47529                      /lib/x86_64-linux-gnu/libnss_dns-2.27.so
7f005bfff000-7f005c000000 rw-p 00006000 fc:01 47529                      /lib/x86_64-linux-gnu/libnss_dns-2.27.so
7f005c000000-7f005c021000 rw-p 00000000 00:00 0 
7f005c021000-7f0060000000 ---p 00000000 00:00 0 
7f0060000000-7f0060085000 rw-p 00000000 00:00 0 
7f0060085000-7f0064000000 ---p 00000000 00:00 0 
7f0064000000-7f00648d4000 rw-p 00000000 00:00 0 
7f00648d4000-7f0068000000 ---p 00000000 00:00 0 
7f0068000000-7f0068021000 rw-p 00000000 00:00 0 
7f0068021000-7f006c000000 ---p 00000000 00:00 0 
7f006c000000-7f006c022000 rw-p 00000000 00:00 0 
7f006c022000-7f0070000000 ---p 00000000 00:00 0 
7f0070000000-7f0072f5c000 rw-p 00000000 00:00 0 
7f0072f5c000-7f0074000000 ---p 00000000 00:00 0 
7f0074000000-7f0074021000 rw-p 00000000 00:00 0 
7f0074021000-7f0078000000 ---p 00000000 00:00 0 
7f0078000000-7f0078021000 rw-p 00000000 00:00 0 
7f0078021000-7f007c000000 ---p 00000000 00:00 0 
7f007c000000-7f007c044000 rw-p 00000000 00:00 0 
7f007c044000-7f0080000000 ---p 00000000 00:00 0 
7f0080000000-7f00800fa000 rw-p 00000000 00:00 0 
7f00800fa000-7f0084000000 ---p 00000000 00:00 0 
7f0084000000-7f0084036000 rw-p 00000000 00:00 0 
7f0084036000-7f0088000000 ---p 00000000 00:00 0 
7f0088000000-7f0088001000 r--s 00000000 fc:01 3870867                    /home/bahi227/.cache/fontconfig/4d9c95eba1cb85bbcf2878543262124a-le64.cache-7
7f0088001000-7f008800c000 r--s 00000000 fc:01 3870855                    /home/bahi227/.cache/fontconfig/83bf95040141907cd45bb53cf7c1c148-le64.cache-7
7f008800c000-7f0088015000 r--s 00000000 fc:01 3870827                    /home/bahi227/.cache/fontconfig/d0972c3d32f097851eb916381fc38920-le64.cache-7
7f008804e000-7f0088050000 r-xp 00000000 fc:01 69785                      /lib/x86_64-linux-gnu/libnss_mdns4_minimal.so.2
7f0088050000-7f008824f000 ---p 00002000 fc:01 69785                      /lib/x86_64-linux-gnu/libnss_mdns4_minimal.so.2
7f008824f000-7f0088250000 r--p 00001000 fc:01 69785                      /lib/x86_64-linux-gnu/libnss_mdns4_minimal.so.2
7f0088250000-7f0088251000 rw-p 00002000 fc:01 69785                      /lib/x86_64-linux-gnu/libnss_mdns4_minimal.so.2
7f0088251000-7f0088252000 r--s 00000000 fc:01 3870866                    /home/bahi227/.cache/fontconfig/85e0a52ce643a7ba2ae53e5d6949cead-le64.cache-7
7f0088252000-7f0088253000 r--s 00000000 fc:01 3870863                    /home/bahi227/.cache/fontconfig/49f0de54bdd920fe4f0dfd4cbac43e6b-le64.cache-7
7f0088253000-7f0088254000 r--s 00000000 fc:01 3870862                    /home/bahi227/.cache/fontconfig/f6e6e0a5c3d2f6ae0c0c2e0ecd42a997-le64.cache-7
7f0088254000-7f0088255000 r--s 00000000 fc:01 3870861                    /home/bahi227/.cache/fontconfig/4b2eda6bb976bda485cb2176619421d5-le64.cache-7
7f0088255000-7f0088258000 r--s 00000000 fc:01 3870856                    /home/bahi227/.cache/fontconfig/75114ca45c98e8a441da0ff356701271-le64.cache-7
7f0088258000-7f008825a000 r--s 00000000 fc:01 3870824                    /home/bahi227/.cache/fontconfig/6afa1bb216ce958c1589e297e8008489-le64.cache-7
7f008825a000-7f008825b000 r--s 00000000 fc:01 3870823                    /home/bahi227/.cache/fontconfig/c277e94e32b20404286a1ddafa5a80f0-le64.cache-7
7f008825b000-7f008825d000 r--s 00000000 fc:01 3870822                    /home/bahi227/.cache/fontconfig/62f91419b9ebdb6975e7e41ab6412357-le64.cache-7
7f008825d000-7f0088260000 r--s 00000000 fc:01 3870797                    /home/bahi227/.cache/fontconfig/e13b20fdb08344e0e664864cc2ede53d-le64.cache-7
7f0088260000-7f0088264000 r--s 00000000 fc:01 3870792                    /home/bahi227/.cache/fontconfig/7ef2298fde41cc6eeb7af42e48b7d293-le64.cache-7
7f0088264000-7f0088277000 r--s 00346000 fc:01 1822944                    /usr/lib/jvm/java-8-openjdk-amd64/jre/lib/resources.jar
7f008833f000-7f0088342000 ---p 00000000 00:00 0 
7f0088342000-7f0088578000 rw-p 00000000 00:00 0 
7f0088578000-7f008857b000 ---p 00000000 00:00 0 
7f008857b000-7f0088879000 rw-p 00000000 00:00 0 
7f0088879000-7f0088a79000 rw-p 00000000 00:00 0 
7f0088a79000-7f0088a7b000 r--s 00016000 fc:01 1822938                    /usr/lib/jvm/java-8-openjdk-amd64/jre/lib/jce.jar
7f0088a7b000-7f0088a80000 r--s 000a7000 fc:01 1822940                    /usr/lib/jvm/java-8-openjdk-amd64/jre/lib/jsse.jar
7f0088a80000-7f0088a82000 r--s 0000e000 fc:01 4396076                    /home/bahi227/.m2/repository/org/apache/maven/surefire/surefire-junit4/2.16/surefire-junit4-2.16.jar
7f0088a82000-7f0088a83000 r--s 00000000 fc:01 4395259                    /home/bahi227/.m2/repository/org/jenkins-ci/test-annotations/1.1/test-annotations-1.1.jar
7f0088a83000-7f0088a84000 r--s 00000000 fc:01 4395257                    /home/bahi227/.m2/repository/org/codehaus/mojo/animal-sniffer-annotations/1.9/animal-sniffer-annotations-1.9.jar
7f0088a84000-7f0088a86000 r--s 00010000 fc:01 4397078                    /home/bahi227/.m2/repository/com/jcraft/jzlib/1.1.3-kohsuke-1/jzlib-1.1.3-kohsuke-1.jar
7f0088a86000-7f0088a89000 r--s 00006000 fc:01 3891850                    /home/bahi227/.m2/repository/com/google/code/findbugs/jsr305/1.3.9/jsr305-1.3.9.jar
7f0088a89000-7f0088aa9000 r--s 00173000 fc:01 4397124                    /home/bahi227/.m2/repository/com/google/guava/guava/11.0.1/guava-11.0.1.jar
7f0088aa9000-7f0088aaa000 r--s 00004000 fc:01 4397120                    /home/bahi227/.m2/repository/org/mindrot/jbcrypt/0.3m/jbcrypt-0.3m.jar
7f0088aaa000-7f0088aac000 r--s 0000f000 fc:01 4397118                    /home/bahi227/.m2/repository/commons-fileupload/commons-fileupload/1.3.1-jenkins-1/commons-fileupload-1.3.1-jenkins-1.jar
7f0088aac000-7f0088aae000 r--s 00005000 fc:01 4397117                    /home/bahi227/.m2/repository/findbugs/annotations/1.0.0/annotations-1.0.0.jar
7f0088aae000-7f0088aaf000 r--s 00001000 fc:01 4397116                    /home/bahi227/.m2/repository/org/kohsuke/access-modifier-annotation/1.4/access-modifier-annotation-1.4.jar
7f0088aaf000-7f0088ab6000 r--s 0003a000 fc:01 4397114                    /home/bahi227/.m2/repository/commons-codec/commons-codec/1.8/commons-codec-1.8.jar
7f0088ab6000-7f0088ab8000 r--s 00000000 fc:01 4397109                    /home/bahi227/.m2/repository/org/jvnet/robust-http-client/robust-http-client/1.2/robust-http-client-1.2.jar
7f0088ab8000-7f0088ab9000 r--s 00001000 fc:01 4397108                    /home/bahi227/.m2/repository/org/kohsuke/metainf-services/metainf-services/1.4/metainf-services-1.4.jar
7f0088ab9000-7f0088ac0000 r--s 0005b000 fc:01 4397107                    /home/bahi227/.m2/repository/org/samba/jcifs/jcifs/1.3.17-kohsuke-1/jcifs-1.3.17-kohsuke-1.jar
7f0088ac0000-7f0088ac3000 r--s 0001a000 fc:01 4397106                    /home/bahi227/.m2/repository/org/kohsuke/jinterop/j-interopdeps/2.0.6-kohsuke-1/j-interopdeps-2.0.6-kohsuke-1.jar
7f0088ac3000-7f0088ac9000 r--s 00059000 fc:01 4397102                    /home/bahi227/.m2/repository/org/kohsuke/jinterop/j-interop/2.0.6-kohsuke-1/j-interop-2.0.6-kohsuke-1.jar
7f0088ac9000-7f0088acb000 r--s 00006000 fc:01 4395102                    /home/bahi227/.m2/repository/net/java/sezpoz/sezpoz/1.9/sezpoz-1.9.jar
7f0088acb000-7f0088acc000 r--s 00001000 fc:01 4397100                    /home/bahi227/.m2/repository/com/sun/solaris/embedded_su4j/1.1/embedded_su4j-1.1.jar
7f0088acc000-7f0088acf000 r--s 0000d000 fc:01 4397099                    /home/bahi227/.m2/repository/org/jvnet/libzfs/libzfs/0.5/libzfs-0.5.jar
7f0088acf000-7f0088ad0000 r--s 00004000 fc:01 4397097                    /home/bahi227/.m2/repository/org/kohsuke/libpam4j/1.8/libpam4j-1.8.jar
7f0088ad0000-7f0088ad1000 r--s 00004000 fc:01 4397094                    /home/bahi227/.m2/repository/org/kohsuke/akuma/1.9/akuma-1.9.jar
7f0088ad1000-7f0088ad5000 r--s 000dc000 fc:01 4397092                    /home/bahi227/.m2/repository/net/java/dev/jna/jna/4.1.0/jna-4.1.0.jar
7f0088ad5000-7f0088adb000 r--s 0005a000 fc:01 4397090                    /home/bahi227/.m2/repository/org/jenkins-ci/jmdns/3.4.0-jenkins-3/jmdns-3.4.0-jenkins-3.jar
7f0088adb000-7f0088add000 r--s 00005000 fc:01 4397089                    /home/bahi227/.m2/repository/stax/stax-api/1.0.1/stax-api-1.0.1.jar
7f0088add000-7f0088ae3000 r--s 0007a000 fc:01 4397087                    /home/bahi227/.m2/repository/org/codehaus/woodstox/wstx-asl/3.2.9/wstx-asl-3.2.9.jar
7f0088ae3000-7f0088ae5000 r--s 00003000 fc:01 4397086                    /home/bahi227/.m2/repository/org/jenkins-ci/memory-monitor/1.9/memory-monitor-1.9.jar
7f0088ae5000-7f0088ae7000 r--s 00004000 fc:01 4397083                    /home/bahi227/.m2/repository/org/jvnet/winp/winp/1.22/winp-1.22.jar
7f0088ae7000-7f0088af5000 r--s 0007f000 fc:01 3883780                    /home/bahi227/.m2/repository/commons-collections/commons-collections/3.2.1/commons-collections-3.2.1.jar
7f0088af5000-7f0088af6000 r--s 00004000 fc:01 4397079                    /home/bahi227/.m2/repository/relaxngDatatype/relaxngDatatype/20020414/relaxngDatatype-20020414.jar
7f0088af6000-7f0088af8000 r--s 00004000 fc:01 4397077                    /home/bahi227/.m2/repository/javax/xml/stream/stax-api/1.0-2/stax-api-1.0-2.jar
7f0088af8000-7f0088afb000 r--s 0000e000 fc:01 4397060                    /home/bahi227/.m2/repository/com/sun/xml/txw2/txw2/20110809/txw2-20110809.jar
7f0088afb000-7f0088afd000 r--s 0000e000 fc:01 4158521                    /home/bahi227/.m2/repository/commons-logging/commons-logging/1.1.3/commons-logging-1.1.3.jar
7f0088afd000-7f0088aff000 r--s 00003000 fc:01 4158519                    /home/bahi227/.m2/repository/javax/servlet/jstl/1.1.0/jstl-1.1.0.jar
7f0088aff000-7f0088b01000 r--s 00003000 fc:01 4395940                    /home/bahi227/.m2/repository/org/powermock/powermock-api-support/1.5.6/powermock-api-support-1.5.6.jar
7f0088b01000-7f0088b22000 r--s 00162000 fc:01 4395938                    /home/bahi227/.m2/repository/org/mockito/mockito-all/1.9.5/mockito-all-1.9.5.jar
7f0088b22000-7f0088b25000 r--s 0000f000 fc:01 4395930                    /home/bahi227/.m2/repository/org/powermock/powermock-api-mockito/1.5.6/powermock-api-mockito-1.5.6.jar
7f0088b25000-7f0088b27000 r--s 00009000 fc:01 4395931                    /home/bahi227/.m2/repository/org/powermock/powermock-reflect/1.5.6/powermock-reflect-1.5.6.jar
7f0088b27000-7f0088b31000 r--s 000a5000 fc:01 4395927                    /home/bahi227/.m2/repository/org/javassist/javassist/3.18.2-GA/javassist-3.18.2-GA.jar
7f0088b31000-7f0088b34000 r--s 00012000 fc:01 4395925                    /home/bahi227/.m2/repository/org/powermock/powermock-core/1.5.6/powermock-core-1.5.6.jar
7f0088b34000-7f0088b36000 r--s 00002000 fc:01 4395929                    /home/bahi227/.m2/repository/org/powermock/powermock-module-junit4-common/1.5.6/powermock-module-junit4-common-1.5.6.jar
7f0088b36000-7f0088b37000 r--s 00005000 fc:01 4395923                    /home/bahi227/.m2/repository/org/powermock/powermock-module-junit4/1.5.6/powermock-module-junit4-1.5.6.jar
7f0088b37000-7f0088b39000 r--s 00005000 fc:01 4397074                    /home/bahi227/.m2/repository/org/objenesis/objenesis/1.0/objenesis-1.0.jar
7f0088b39000-7f0088b58000 r--s 00150000 fc:01 4397071                    /home/bahi227/.m2/repository/org/mockito/mockito-core/1.9.5/mockito-core-1.9.5.jar
7f0088b58000-7f0088b5a000 r--s 00009000 fc:01 3881368                    /home/bahi227/.m2/repository/org/hamcrest/hamcrest-core/1.3/hamcrest-core-1.3.jar
7f0088b5a000-7f0088b60000 r--s 00036000 fc:01 3881367                    /home/bahi227/.m2/repository/junit/junit/4.11/junit-4.11.jar
7f0088b60000-7f0088b63000 r--s 0001b000 fc:01 4397070                    /home/bahi227/.m2/repository/xpp3/xpp3/1.1.4c/xpp3-1.1.4c.jar
7f0088b63000-7f0088b6b000 r--s 00048000 fc:01 4397069                    /home/bahi227/.m2/repository/org/springframework/spring-aop/2.5.6.SEC03/spring-aop-2.5.6.SEC03.jar
7f0088b6b000-7f0088b71000 r--s 00040000 fc:01 4397068                    /home/bahi227/.m2/repository/org/springframework/spring-core/2.5.6.SEC03/spring-core-2.5.6.SEC03.jar
7f0088b71000-7f0088b76000 r--s 0002b000 fc:01 4397063                    /home/bahi227/.m2/repository/org/springframework/spring-web/2.5.6.SEC03/spring-web-2.5.6.SEC03.jar
7f0088b76000-7f0088b79000 r--s 00015000 fc:01 4397062                    /home/bahi227/.m2/repository/org/springframework/spring-context-support/2.5.6.SEC03/spring-context-support-2.5.6.SEC03.jar
7f0088b79000-7f0088b85000 r--s 00069000 fc:01 4397061                    /home/bahi227/.m2/repository/org/springframework/spring-context/2.5.6.SEC03/spring-context-2.5.6.SEC03.jar
7f0088b85000-7f0088b8f000 r--s 0006e000 fc:01 4396960                    /home/bahi227/.m2/repository/org/springframework/spring-beans/2.5.6.SEC03/spring-beans-2.5.6.SEC03.jar
7f0088b8f000-7f0088b98000 r--s 0005a000 fc:01 4397056                    /home/bahi227/.m2/repository/org/springframework/spring-webmvc/2.5.6.SEC03/spring-webmvc-2.5.6.SEC03.jar
7f0088b98000-7f0088b9a000 r--s 0001a000 fc:01 4397053                    /home/bahi227/.m2/repository/org/fusesource/jansi/jansi/1.9/jansi-1.9.jar
7f0088b9a000-7f0088b9c000 r--s 00014000 fc:01 4395046                    /home/bahi227/.m2/repository/jline/jline/0.9.94/jline-0.9.94.jar
7f0088b9c000-7f0088bfa000 r--s 00592000 fc:01 4397052                    /home/bahi227/.m2/repository/org/codehaus/groovy/groovy-all/1.8.9/groovy-all-1.8.9.jar
7f0088bfa000-7f0088c02000 r--s 0004f000 fc:01 3891783                    /home/bahi227/.m2/repository/log4j/log4j/1.2.9/log4j-1.2.9.jar
7f0088c02000-7f0088c04000 r--s 0000e000 fc:01 3883770                    /home/bahi227/.m2/repository/oro/oro/2.0.8/oro-2.0.8.jar
7f0088c04000-7f0088c08000 r--s 00014000 fc:01 4397050                    /home/bahi227/.m2/repository/org/springframework/spring-dao/1.2.9/spring-dao-1.2.9.jar
7f0088c08000-7f0088c0d000 r--s 00029000 fc:01 4397049                    /home/bahi227/.m2/repository/org/springframework/spring-jdbc/1.2.9/spring-jdbc-1.2.9.jar
7f0088c0d000-7f0088c1a000 r--s 00079000 fc:01 4397048                    /home/bahi227/.m2/repository/org/acegisecurity/acegi-security/1.0.7/acegi-security-1.0.7.jar
7f0088c1a000-7f0088c1e000 r--s 0001f000 fc:01 4397043                    /home/bahi227/.m2/repository/org/jenkins-ci/commons-jexl/1.1-jenkins-20111212/commons-jexl-1.1-jenkins-20111212.jar
7f0088c1e000-7f0088c20000 r--s 00004000 fc:01 4397042                    /home/bahi227/.m2/repository/org/jvnet/hudson/commons-jelly-tags-define/1.0.1-hudson-20071021/commons-jelly-tags-define-1.0.1-hudson-20071021.jar
7f0088c20000-7f0088c22000 r--s 00008000 fc:01 4397041                    /home/bahi227/.m2/repository/commons-jelly/commons-jelly-tags-xml/1.1/commons-jelly-tags-xml-1.1.jar
7f0088c22000-7f0088c23000 r--s 00005000 fc:01 4397040                    /home/bahi227/.m2/repository/commons-jelly/commons-jelly-tags-fmt/1.0/commons-jelly-tags-fmt-1.0.jar
7f0088c23000-7f0088c29000 r--s 00035000 fc:01 4397037                    /home/bahi227/.m2/repository/jaxen/jaxen/1.1-beta-11/jaxen-1.1-beta-11.jar
7f0088c29000-7f0088c2b000 r--s 00010000 fc:01 4397033                    /home/bahi227/.m2/repository/org/jvnet/hudson/activation/1.1.1-hudson-1/activation-1.1.1-hudson-1.jar
7f0088c2b000-7f0088c32000 r--s 00072000 fc:01 4397032                    /home/bahi227/.m2/repository/javax/mail/mail/1.4.4/mail-1.4.4.jar
7f0088c32000-7f0088c39000 r--s 00056000 fc:01 4397030                    /home/bahi227/.m2/repository/org/apache/commons/commons-compress/1.9/commons-compress-1.9.jar
7f0088c39000-7f0088c3e000 r--s 00034000 fc:01 4397029                    /home/bahi227/.m2/repository/commons-beanutils/commons-beanutils/1.8.3/commons-beanutils-1.8.3.jar
7f0088c3e000-7f0088c44000 r--s 0002b000 fc:01 4397025                    /home/bahi227/.m2/repository/commons-digester/commons-digester/2.1/commons-digester-2.1.jar
7f0088c44000-7f0088c49000 r--s 00041000 fc:01 4395137                    /home/bahi227/.m2/repository/commons-lang/commons-lang/2.6/commons-lang-2.6.jar
7f0088c49000-7f0088c4d000 r--s 0002a000 fc:01 3884245                    /home/bahi227/.m2/repository/commons-io/commons-io/2.4/commons-io-2.4.jar
7f0088c4d000-7f0088c4f000 r--s 00016000 fc:01 4395536                    /home/bahi227/.m2/repository/javax/servlet/servlet-api/2.4/servlet-api-2.4.jar
7f0088c4f000-7f0088c50000 r--s 00004000 fc:01 4397024                    /home/bahi227/.m2/repository/org/apache/ant/ant-launcher/1.8.4/ant-launcher-1.8.4.jar
7f0088c50000-7f0088c6e000 r--s 001bd000 fc:01 4397021                    /home/bahi227/.m2/repository/org/apache/ant/ant/1.8.4/ant-1.8.4.jar
7f0088c6e000-7f0088c74000 r--s 00046000 fc:01 4397020                    /home/bahi227/.m2/repository/jfree/jcommon/1.0.12/jcommon-1.0.12.jar
7f0088c74000-7f0088c83000 r--s 0012d000 fc:01 4397017                    /home/bahi227/.m2/repository/jfree/jfreechart/1.0.9/jfreechart-1.0.9.jar
7f0088c83000-7f0088c91000 r--s 00075000 fc:01 4396976                    /home/bahi227/.m2/repository/org/jvnet/hudson/xstream/1.4.7-jenkins-1/xstream-1.4.7-jenkins-1.jar
7f0088c91000-7f0088c97000 r--s 00067000 fc:01 3891848                    /home/bahi227/.m2/repository/antlr/antlr/2.7.6/antlr-2.7.6.jar
7f0088c97000-7f0088c98000 r--s 00001000 fc:01 4395939                    /home/bahi227/.m2/repository/org/jvnet/localizer/localizer/1.23/localizer-1.23.jar
7f0088c98000-7f0088c99000 r--s 00004000 fc:01 4397016                    /home/bahi227/.m2/repository/org/jenkins-ci/task-reactor/1.4/task-reactor-1.4.jar
7f0088c99000-7f0088c9e000 r--s 00058000 fc:01 4397015                    /home/bahi227/.m2/repository/org/kohsuke/asm5/5.0.1/asm5-5.0.1.jar
7f0088c9e000-7f0088ca0000 r--s 00005000 fc:01 4397009                    /home/bahi227/.m2/repository/org/jenkins-ci/bytecode-compatibility-transformer/1.5/bytecode-compatibility-transformer-1.5.jar
7f0088ca0000-7f0088ca1000 r--s 00003000 fc:01 4397008                    /home/bahi227/.m2/repository/org/jenkins-ci/annotation-indexer/1.7/annotation-indexer-1.7.jar
7f0088ca1000-7f0088ca4000 r--s 00013000 fc:01 4397007                    /home/bahi227/.m2/repository/args4j/args4j/2.0.31/args4j-2.0.31.jar
7f0088ca4000-7f0088caa000 r--s 00045000 fc:01 4397005                    /home/bahi227/.m2/repository/commons-httpclient/commons-httpclient/3.1/commons-httpclient-3.1.jar
7f0088caa000-7f0088cad000 r--s 00013000 fc:01 4397003                    /home/bahi227/.m2/repository/net/sf/ezmorph/ezmorph/1.0.6/ezmorph-1.0.6.jar
7f0088cad000-7f0088cb0000 r--s 00020000 fc:01 4396999                    /home/bahi227/.m2/repository/org/kohsuke/stapler/json-lib/2.4-jenkins-2/json-lib-2.4-jenkins-2.jar
7f0088cb0000-7f0088cb1000 r--s 00000000 fc:01 4396998                    /home/bahi227/.m2/repository/com/infradna/tool/bridge-method-annotation/1.13/bridge-method-annotation-1.13.jar
7f0088cb1000-7f0088cb4000 r--s 0002d000 fc:01 4396997                    /home/bahi227/.m2/repository/org/kohsuke/stapler/stapler-adjunct-timeline/1.4/stapler-adjunct-timeline-1.4-tests.jar
7f0088cb4000-7f0088cba000 r--s 0003e000 fc:01 4396994                    /home/bahi227/.m2/repository/org/kohsuke/stapler/stapler-adjunct-codemirror/1.3/stapler-adjunct-codemirror-1.3.jar
7f0088cba000-7f0088cbe000 r--s 00025000 fc:01 4396993                    /home/bahi227/.m2/repository/org/kohsuke/stapler/stapler-adjunct-timeline/1.4/stapler-adjunct-timeline-1.4.jar
7f0088cbe000-7f0088cbf000 r--s 00004000 fc:01 4396991                    /home/bahi227/.m2/repository/org/kohsuke/stapler/stapler-adjunct-zeroclipboard/1.3.5-1/stapler-adjunct-zeroclipboard-1.3.5-1.jar
7f0088cbf000-7f0088cc1000 r--s 00000000 fc:01 4396989                    /home/bahi227/.m2/repository/org/kohsuke/windows-package-checker/1.0/windows-package-checker-1.0.jar
7f0088cc1000-7f0088cc3000 r--s 00003000 fc:01 4396987                    /home/bahi227/.m2/repository/org/jvnet/tiger-types/1.3/tiger-types-1.3.jar
7f0088cc3000-7f0088cc6000 r--s 00010000 fc:01 4394250                    /home/bahi227/.m2/repository/commons-discovery/commons-discovery/0.4/commons-discovery-0.4.jar
7f0088cc6000-7f0088cc8000 r--s 00005000 fc:01 4396984                    /home/bahi227/.m2/repository/javax/annotation/javax.annotation-api/1.2/javax.annotation-api-1.2.jar
7f0088cc8000-7f0088ccf000 r--s 0004f000 fc:01 4396982                    /home/bahi227/.m2/repository/org/kohsuke/stapler/stapler/1.236/stapler-1.236.jar
7f0088ccf000-7f0088cd0000 r--s 00001000 fc:01 4396981                    /home/bahi227/.m2/repository/org/kohsuke/stapler/stapler-jrebel/1.236/stapler-jrebel-1.236.jar
7f0088cd0000-7f0088cd5000 r--s 0003a000 fc:01 4396980                    /home/bahi227/.m2/repository/org/jenkins-ci/dom4j/dom4j/1.6.1-jenkins-4/dom4j-1.6.1-jenkins-4.jar
7f0088cd5000-7f0088cd9000 r--s 00026000 fc:01 4396977                    /home/bahi227/.m2/repository/org/jenkins-ci/commons-jelly/1.1-jenkins-20120928/commons-jelly-1.1-jenkins-20120928.jar
7f0088cd9000-7f0088cdc000 r--s 00013000 fc:01 4396973                    /home/bahi227/.m2/repository/org/kohsuke/stapler/stapler-jelly/1.236/stapler-jelly-1.236.jar
7f0088cdc000-7f0088cde000 r--s 00007000 fc:01 4396962                    /home/bahi227/.m2/repository/org/kohsuke/stapler/stapler-groovy/1.236/stapler-groovy-1.236.jar
7f0088cde000-7f0088ce3000 r--s 0003c000 fc:01 4396971                    /home/bahi227/.m2/repository/org/jenkins-ci/trilead-ssh2/build217-jenkins-8/trilead-ssh2-build217-jenkins-8.jar
7f0088ce3000-7f0088ce4000 r--s 00001000 fc:01 4396969                    /home/bahi227/.m2/repository/org/kohsuke/trilead-putty-extension/1.2/trilead-putty-extension-1.2.jar
7f0088ce4000-7f0088ce9000 r--s 00048000 fc:01 4396968                    /home/bahi227/.m2/repository/com/github/jnr/jnr-constants/0.8.5/jnr-constants-0.8.5.jar
7f0088ce9000-7f0088cec000 r--s 00033000 fc:01 4396963                    /home/bahi227/.m2/repository/com/github/jnr/jnr-x86asm/1.0.2/jnr-x86asm-1.0.2.jar
7f0088cec000-7f0088cee000 r--s 00008000 fc:01 4396938                    /home/bahi227/.m2/repository/org/ow2/asm/asm-util/4.0/asm-util-4.0.jar
7f0088cee000-7f0088cf0000 r--s 00004000 fc:01 4396961                    /home/bahi227/.m2/repository/org/ow2/asm/asm-tree/4.0/asm-tree-4.0.jar
7f0088cf0000-7f0088cf1000 r--s 00004000 fc:01 4396953                    /home/bahi227/.m2/repository/org/ow2/asm/asm-analysis/4.0/asm-analysis-4.0.jar
7f0088cf1000-7f0088cf3000 r--s 00008000 fc:01 4158517                    /home/bahi227/.m2/repository/org/ow2/asm/asm-commons/4.0/asm-commons-4.0.jar
7f0088cf3000-7f0088cf5000 r--s 0000a000 fc:01 3891846                    /home/bahi227/.m2/repository/org/ow2/asm/asm/4.0/asm-4.0.jar
7f0088cf5000-7f0088cf7000 r--s 0005d000 fc:01 4396956                    /home/bahi227/.m2/repository/com/github/jnr/jffi/1.2.7/jffi-1.2.7-native.jar
7f0088cf7000-7f0088cfb000 r--s 00020000 fc:01 4396954                    /home/bahi227/.m2/repository/com/github/jnr/jffi/1.2.7/jffi-1.2.7.jar
7f0088cfb000-7f0088d0b000 r--s 0008e000 fc:01 4396934                    /home/bahi227/.m2/repository/com/github/jnr/jnr-ffi/1.0.7/jnr-ffi-1.0.7.jar
7f0088d0b000-7f0088d0f000 r--s 00023000 fc:01 4396949                    /home/bahi227/.m2/repository/com/github/jnr/jnr-posix/3.0.1/jnr-posix-3.0.1.jar
7f0088d0f000-7f0088d12000 r--s 00014000 fc:01 4396948                    /home/bahi227/.m2/repository/org/jruby/ext/posix/jna-posix/1.0.3-jenkins-1/jna-posix-1.0.3-jenkins-1.jar
7f0088d12000-7f0088d14000 r--s 00000000 fc:01 4396947                    /home/bahi227/.m2/repository/aopalliance/aopalliance/1.0/aopalliance-1.0.jar
7f0088d14000-7f0088d15000 r--s 00000000 fc:01 4396946                    /home/bahi227/.m2/repository/javax/inject/javax.inject/1/javax.inject-1.jar
7f0088d15000-7f0088d2c000 r-xp 00000000 fc:01 1817044                    /usr/lib/jvm/java-8-openjdk-amd64/jre/lib/amd64/libnet.so
7f0088d2c000-7f0088f2c000 ---p 00017000 fc:01 1817044                    /usr/lib/jvm/java-8-openjdk-amd64/jre/lib/amd64/libnet.so
7f0088f2c000-7f0088f2d000 r--p 00017000 fc:01 1817044                    /usr/lib/jvm/java-8-openjdk-amd64/jre/lib/amd64/libnet.so
7f0088f2d000-7f0088f2e000 rw-p 00018000 fc:01 1817044                    /usr/lib/jvm/java-8-openjdk-amd64/jre/lib/amd64/libnet.so
7f0088f2e000-7f0088f40000 r-xp 00000000 fc:01 1817045                    /usr/lib/jvm/java-8-openjdk-amd64/jre/lib/amd64/libnio.so
7f0088f40000-7f008913f000 ---p 00012000 fc:01 1817045                    /usr/lib/jvm/java-8-openjdk-amd64/jre/lib/amd64/libnio.so
7f008913f000-7f0089140000 r--p 00011000 fc:01 1817045                    /usr/lib/jvm/java-8-openjdk-amd64/jre/lib/amd64/libnio.so
7f0089140000-7f0089141000 rw-p 00012000 fc:01 1817045                    /usr/lib/jvm/java-8-openjdk-amd64/jre/lib/amd64/libnio.so
7f0089141000-7f0089142000 ---p 00000000 00:00 0 
7f0089142000-7f0089242000 rw-p 00000000 00:00 0 
7f0089242000-7f0089245000 ---p 00000000 00:00 0 
7f0089245000-7f0089343000 rw-p 00000000 00:00 0 
7f0089343000-7f0089344000 ---p 00000000 00:00 0 
7f0089344000-7f0089347000 ---p 00000000 00:00 0 
7f0089347000-7f0089444000 rw-p 00000000 00:00 0 
7f0089444000-7f0089445000 ---p 00000000 00:00 0 
7f0089445000-7f0089448000 ---p 00000000 00:00 0 
7f0089448000-7f0089545000 rw-p 00000000 00:00 0 
7f0089545000-7f0089548000 ---p 00000000 00:00 0 
7f0089548000-7f0089646000 rw-p 00000000 00:00 0 
7f0089646000-7f00897b9000 r--p 00000000 fc:01 25817                      /usr/lib/locale/C.UTF-8/LC_COLLATE
7f00897b9000-7f0089954000 r--p 00000000 fc:01 38854                      /usr/lib/locale/locale-archive
7f0089954000-7f0089957000 ---p 00000000 00:00 0 
7f0089957000-7f0089a55000 rw-p 00000000 00:00 0 
7f0089a55000-7f0089a58000 ---p 00000000 00:00 0 
7f0089a58000-7f0089b56000 rw-p 00000000 00:00 0 
7f0089b56000-7f0089b57000 ---p 00000000 00:00 0 
7f0089b57000-7f008a560000 rw-p 00000000 00:00 0 
7f008a560000-7f008a732000 r--s 03ca8000 fc:01 1822945                    /usr/lib/jvm/java-8-openjdk-amd64/jre/lib/rt.jar
7f008a732000-7f008d000000 rw-p 00000000 00:00 0 
7f008d000000-7f008e540000 rwxp 00000000 00:00 0 
7f008e540000-7f009c000000 ---p 00000000 00:00 0 
7f009c000000-7f009f36b000 rw-p 00000000 00:00 0 
7f009f36b000-7f00a0000000 ---p 00000000 00:00 0 
7f00a0000000-7f00a0020000 r--s 0014c000 fc:01 4396945                    /home/bahi227/.m2/repository/com/google/inject/guice/4.0-beta/guice-4.0-beta.jar
7f00a0020000-7f00a0021000 r--s 00000000 fc:01 4396939                    /home/bahi227/.m2/repository/org/jenkins-ci/core-annotation-processors/1.0/core-annotation-processors-1.0.jar
7f00a0021000-7f00a0024000 r--s 0001c000 fc:01 4396937                    /home/bahi227/.m2/repository/org/jvnet/hudson/jtidy/4aug2000r7-dev-hudson-1/jtidy-4aug2000r7-dev-hudson-1.jar
7f00a0024000-7f00a0026000 r--s 00000000 fc:01 4396935                    /home/bahi227/.m2/repository/org/jenkins-ci/crypto-util/1.1/crypto-util-1.1.jar
7f00a0026000-7f00a0027000 r--s 00002000 fc:01 4396933                    /home/bahi227/.m2/repository/org/jenkins-ci/version-number/1.1/version-number-1.1.jar
7f00a0027000-7f00a0029000 r--s 00008000 fc:01 3891075                    /home/bahi227/Documents/mp3/mp3/jenkins/cli/target/cli-1.610-SNAPSHOT.jar
7f00a0029000-7f00a002a000 r--s 00003000 fc:01 4395945                    /home/bahi227/.m2/repository/org/jenkins-ci/constant-pool-scanner/1.2/constant-pool-scanner-1.2.jar
7f00a002a000-7f00a0033000 r--s 0006c000 fc:01 4395926                    /home/bahi227/.m2/repository/org/jenkins-ci/main/remoting/2.50/remoting-2.50.jar
7f00a0033000-7f00a0035000 r--s 00003000 fc:01 4396931                    /home/bahi227/.m2/repository/org/jenkins-ci/plugins/icon-shim/icon-set/1.0.5/icon-set-1.0.5.jar
7f00a0035000-7f00a0039000 r--s 00021000 fc:01 4396063                    /home/bahi227/.m2/repository/org/apache/maven/surefire/surefire-api/2.16/surefire-api-2.16.jar
7f00a0039000-7f00a003b000 r--s 00008000 fc:01 4396061                    /home/bahi227/.m2/repository/org/apache/maven/surefire/surefire-booter/2.16/surefire-booter-2.16.jar
7f00a003b000-7f00a003c000 r--s 00003000 fc:01 3893477                    /home/bahi227/Documents/mp3/mp3/jenkins/core/target/surefire/surefirebooter270571689527482753.jar
7f00a003c000-7f00a003f000 r--s 0000f000 fc:01 1818085                    /usr/lib/jvm/java-8-openjdk-amd64/jre/lib/ext/icedtea-sound.jar
7f00a003f000-7f00a0043000 r--s 0003a000 fc:01 1822826                    /usr/lib/jvm/java-8-openjdk-amd64/jre/lib/ext/sunpkcs11.jar
7f00a0043000-7f00a005e000 r--s 001d6000 fc:01 1820035                    /usr/lib/jvm/java-8-openjdk-amd64/jre/lib/ext/nashorn.jar
7f00a005e000-7f00a0068000 r--s 00117000 fc:01 1818087                    /usr/lib/jvm/java-8-openjdk-amd64/jre/lib/ext/localedata.jar
7f00a0068000-7f00a006e000 r--s 0003d000 fc:01 1822825                    /usr/lib/jvm/java-8-openjdk-amd64/jre/lib/ext/sunjce_provider.jar
7f00a006e000-7f00a006f000 r--s 0000a000 fc:01 1818086                    /usr/lib/jvm/java-8-openjdk-amd64/jre/lib/ext/jaccess.jar
7f00a006f000-7f00a0071000 r--s 00007000 fc:01 76117                      /usr/share/java/java-atk-wrapper.jar
7f00a0071000-7f00a0073000 r--s 00001000 fc:01 1818084                    /usr/lib/jvm/java-8-openjdk-amd64/jre/lib/ext/dnsns.jar
7f00a0073000-7f00a008e000 r--s 00394000 fc:01 1818074                    /usr/lib/jvm/java-8-openjdk-amd64/jre/lib/ext/cldrdata.jar
7f00a008e000-7f00a008f000 r--s 00010000 fc:01 1822922                    /usr/lib/jvm/java-8-openjdk-amd64/jre/lib/ext/zipfs.jar
7f00a008f000-7f00a0090000 r--s 0000d000 fc:01 1820037                    /usr/lib/jvm/java-8-openjdk-amd64/jre/lib/ext/sunec.jar
7f00a0090000-7f00a00c1000 r--p 00000000 fc:01 25818                      /usr/lib/locale/C.UTF-8/LC_CTYPE
7f00a00c1000-7f00a00c2000 r--p 00000000 fc:01 25824                      /usr/lib/locale/C.UTF-8/LC_NUMERIC
7f00a00c2000-7f00a00c3000 r--p 00000000 fc:01 25827                      /usr/lib/locale/C.UTF-8/LC_TIME
7f00a00c3000-7f00a00c4000 r--p 00000000 fc:01 25822                      /usr/lib/locale/C.UTF-8/LC_MONETARY
7f00a00c4000-7f00a00c5000 r--p 00000000 fc:01 25821                      /usr/lib/locale/C.UTF-8/LC_MESSAGES/SYS_LC_MESSAGES
7f00a00c5000-7f00a00c6000 r--p 00000000 fc:01 25825                      /usr/lib/locale/C.UTF-8/LC_PAPER
7f00a00c6000-7f00a0114000 rw-p 00000000 00:00 0 
7f00a0114000-7f00a0115000 ---p 00000000 00:00 0 
7f00a0115000-7f00a0215000 rw-p 00000000 00:00 0 
7f00a0215000-7f00a0216000 ---p 00000000 00:00 0 
7f00a0216000-7f00a0348000 rw-p 00000000 00:00 0 
7f00a0348000-7f00a0460000 ---p 00000000 00:00 0 
7f00a0460000-7f00a0492000 rw-p 00000000 00:00 0 
7f00a0492000-7f00a05a9000 ---p 00000000 00:00 0 
7f00a05a9000-7f00a064e000 rw-p 00000000 00:00 0 
7f00a064e000-7f00a06a4000 rw-p 00000000 00:00 0 
7f00a06a4000-7f00a0a0f000 ---p 00000000 00:00 0 
7f00a0a0f000-7f00a0a17000 r-xp 00000000 fc:01 1817052                    /usr/lib/jvm/java-8-openjdk-amd64/jre/lib/amd64/libzip.so
7f00a0a17000-7f00a0c16000 ---p 00008000 fc:01 1817052                    /usr/lib/jvm/java-8-openjdk-amd64/jre/lib/amd64/libzip.so
7f00a0c16000-7f00a0c17000 r--p 00007000 fc:01 1817052                    /usr/lib/jvm/java-8-openjdk-amd64/jre/lib/amd64/libzip.so
7f00a0c17000-7f00a0c18000 rw-p 00008000 fc:01 1817052                    /usr/lib/jvm/java-8-openjdk-amd64/jre/lib/amd64/libzip.so
7f00a0c18000-7f00a0c23000 r-xp 00000000 fc:01 47531                      /lib/x86_64-linux-gnu/libnss_files-2.27.so
7f00a0c23000-7f00a0e22000 ---p 0000b000 fc:01 47531                      /lib/x86_64-linux-gnu/libnss_files-2.27.so
7f00a0e22000-7f00a0e23000 r--p 0000a000 fc:01 47531                      /lib/x86_64-linux-gnu/libnss_files-2.27.so
7f00a0e23000-7f00a0e24000 rw-p 0000b000 fc:01 47531                      /lib/x86_64-linux-gnu/libnss_files-2.27.so
7f00a0e24000-7f00a0e2a000 rw-p 00000000 00:00 0 
7f00a0e2a000-7f00a0e41000 r-xp 00000000 fc:01 30395                      /lib/x86_64-linux-gnu/libnsl-2.27.so
7f00a0e41000-7f00a1040000 ---p 00017000 fc:01 30395                      /lib/x86_64-linux-gnu/libnsl-2.27.so
7f00a1040000-7f00a1041000 r--p 00016000 fc:01 30395                      /lib/x86_64-linux-gnu/libnsl-2.27.so
7f00a1041000-7f00a1042000 rw-p 00017000 fc:01 30395                      /lib/x86_64-linux-gnu/libnsl-2.27.so
7f00a1042000-7f00a1044000 rw-p 00000000 00:00 0 
7f00a1044000-7f00a104f000 r-xp 00000000 fc:01 47534                      /lib/x86_64-linux-gnu/libnss_nis-2.27.so
7f00a104f000-7f00a124e000 ---p 0000b000 fc:01 47534                      /lib/x86_64-linux-gnu/libnss_nis-2.27.so
7f00a124e000-7f00a124f000 r--p 0000a000 fc:01 47534                      /lib/x86_64-linux-gnu/libnss_nis-2.27.so
7f00a124f000-7f00a1250000 rw-p 0000b000 fc:01 47534                      /lib/x86_64-linux-gnu/libnss_nis-2.27.so
7f00a1250000-7f00a1258000 r-xp 00000000 fc:01 47527                      /lib/x86_64-linux-gnu/libnss_compat-2.27.so
7f00a1258000-7f00a1458000 ---p 00008000 fc:01 47527                      /lib/x86_64-linux-gnu/libnss_compat-2.27.so
7f00a1458000-7f00a1459000 r--p 00008000 fc:01 47527                      /lib/x86_64-linux-gnu/libnss_compat-2.27.so
7f00a1459000-7f00a145a000 rw-p 00009000 fc:01 47527                      /lib/x86_64-linux-gnu/libnss_compat-2.27.so
7f00a145a000-7f00a1484000 r-xp 00000000 fc:01 1817015                    /usr/lib/jvm/java-8-openjdk-amd64/jre/lib/amd64/libjava.so
7f00a1484000-7f00a1683000 ---p 0002a000 fc:01 1817015                    /usr/lib/jvm/java-8-openjdk-amd64/jre/lib/amd64/libjava.so
7f00a1683000-7f00a1684000 r--p 00029000 fc:01 1817015                    /usr/lib/jvm/java-8-openjdk-amd64/jre/lib/amd64/libjava.so
7f00a1684000-7f00a1686000 rw-p 0002a000 fc:01 1817015                    /usr/lib/jvm/java-8-openjdk-amd64/jre/lib/amd64/libjava.so
7f00a1686000-7f00a1696000 r-xp 00000000 fc:01 1817051                    /usr/lib/jvm/java-8-openjdk-amd64/jre/lib/amd64/libverify.so
7f00a1696000-7f00a1895000 ---p 00010000 fc:01 1817051                    /usr/lib/jvm/java-8-openjdk-amd64/jre/lib/amd64/libverify.so
7f00a1895000-7f00a1897000 r--p 0000f000 fc:01 1817051                    /usr/lib/jvm/java-8-openjdk-amd64/jre/lib/amd64/libverify.so
7f00a1897000-7f00a1898000 rw-p 00011000 fc:01 1817051                    /usr/lib/jvm/java-8-openjdk-amd64/jre/lib/amd64/libverify.so
7f00a1898000-7f00a189f000 r-xp 00000000 fc:01 47547                      /lib/x86_64-linux-gnu/librt-2.27.so
7f00a189f000-7f00a1a9e000 ---p 00007000 fc:01 47547                      /lib/x86_64-linux-gnu/librt-2.27.so
7f00a1a9e000-7f00a1a9f000 r--p 00006000 fc:01 47547                      /lib/x86_64-linux-gnu/librt-2.27.so
7f00a1a9f000-7f00a1aa0000 rw-p 00007000 fc:01 47547                      /lib/x86_64-linux-gnu/librt-2.27.so
7f00a1aa0000-7f00a1ab7000 r-xp 00000000 fc:01 15773                      /lib/x86_64-linux-gnu/libgcc_s.so.1
7f00a1ab7000-7f00a1cb6000 ---p 00017000 fc:01 15773                      /lib/x86_64-linux-gnu/libgcc_s.so.1
7f00a1cb6000-7f00a1cb7000 r--p 00016000 fc:01 15773                      /lib/x86_64-linux-gnu/libgcc_s.so.1
7f00a1cb7000-7f00a1cb8000 rw-p 00017000 fc:01 15773                      /lib/x86_64-linux-gnu/libgcc_s.so.1
7f00a1cb8000-7f00a1e55000 r-xp 00000000 fc:01 29621                      /lib/x86_64-linux-gnu/libm-2.27.so
7f00a1e55000-7f00a2054000 ---p 0019d000 fc:01 29621                      /lib/x86_64-linux-gnu/libm-2.27.so
7f00a2054000-7f00a2055000 r--p 0019c000 fc:01 29621                      /lib/x86_64-linux-gnu/libm-2.27.so
7f00a2055000-7f00a2056000 rw-p 0019d000 fc:01 29621                      /lib/x86_64-linux-gnu/libm-2.27.so
7f00a2056000-7f00a21cf000 r-xp 00000000 fc:01 47831                      /usr/lib/x86_64-linux-gnu/libstdc++.so.6.0.25
7f00a21cf000-7f00a23cf000 ---p 00179000 fc:01 47831                      /usr/lib/x86_64-linux-gnu/libstdc++.so.6.0.25
7f00a23cf000-7f00a23d9000 r--p 00179000 fc:01 47831                      /usr/lib/x86_64-linux-gnu/libstdc++.so.6.0.25
7f00a23d9000-7f00a23db000 rw-p 00183000 fc:01 47831                      /usr/lib/x86_64-linux-gnu/libstdc++.so.6.0.25
7f00a23db000-7f00a23df000 rw-p 00000000 00:00 0 
7f00a23df000-7f00a3087000 r-xp 00000000 fc:01 1817054                    /usr/lib/jvm/java-8-openjdk-amd64/jre/lib/amd64/server/libjvm.so
7f00a3087000-7f00a3287000 ---p 00ca8000 fc:01 1817054                    /usr/lib/jvm/java-8-openjdk-amd64/jre/lib/amd64/server/libjvm.so
7f00a3287000-7f00a331b000 r--p 00ca8000 fc:01 1817054                    /usr/lib/jvm/java-8-openjdk-amd64/jre/lib/amd64/server/libjvm.so
7f00a331b000-7f00a3344000 rw-p 00d3c000 fc:01 1817054                    /usr/lib/jvm/java-8-openjdk-amd64/jre/lib/amd64/server/libjvm.so
7f00a3344000-7f00a3374000 rw-p 00000000 00:00 0 
7f00a3374000-7f00a338e000 r-xp 00000000 fc:01 47544                      /lib/x86_64-linux-gnu/libpthread-2.27.so
7f00a338e000-7f00a358d000 ---p 0001a000 fc:01 47544                      /lib/x86_64-linux-gnu/libpthread-2.27.so
7f00a358d000-7f00a358e000 r--p 00019000 fc:01 47544                      /lib/x86_64-linux-gnu/libpthread-2.27.so
7f00a358e000-7f00a358f000 rw-p 0001a000 fc:01 47544                      /lib/x86_64-linux-gnu/libpthread-2.27.so
7f00a358f000-7f00a3593000 rw-p 00000000 00:00 0 
7f00a3593000-7f00a3596000 r-xp 00000000 fc:01 29619                      /lib/x86_64-linux-gnu/libdl-2.27.so
7f00a3596000-7f00a3795000 ---p 00003000 fc:01 29619                      /lib/x86_64-linux-gnu/libdl-2.27.so
7f00a3795000-7f00a3796000 r--p 00002000 fc:01 29619                      /lib/x86_64-linux-gnu/libdl-2.27.so
7f00a3796000-7f00a3797000 rw-p 00003000 fc:01 29619                      /lib/x86_64-linux-gnu/libdl-2.27.so
7f00a3797000-7f00a37b3000 r-xp 00000000 fc:01 2187                       /lib/x86_64-linux-gnu/libz.so.1.2.11
7f00a37b3000-7f00a39b2000 ---p 0001c000 fc:01 2187                       /lib/x86_64-linux-gnu/libz.so.1.2.11
7f00a39b2000-7f00a39b3000 r--p 0001b000 fc:01 2187                       /lib/x86_64-linux-gnu/libz.so.1.2.11
7f00a39b3000-7f00a39b4000 rw-p 0001c000 fc:01 2187                       /lib/x86_64-linux-gnu/libz.so.1.2.11
7f00a39b4000-7f00a3b9b000 r-xp 00000000 fc:01 13724                      /lib/x86_64-linux-gnu/libc-2.27.so
7f00a3b9b000-7f00a3d9b000 ---p 001e7000 fc:01 13724                      /lib/x86_64-linux-gnu/libc-2.27.so
7f00a3d9b000-7f00a3d9f000 r--p 001e7000 fc:01 13724                      /lib/x86_64-linux-gnu/libc-2.27.so
7f00a3d9f000-7f00a3da1000 rw-p 001eb000 fc:01 13724                      /lib/x86_64-linux-gnu/libc-2.27.so
7f00a3da1000-7f00a3da5000 rw-p 00000000 00:00 0 
7f00a3da5000-7f00a3db3000 r-xp 00000000 fc:01 1816974                    /usr/lib/jvm/java-8-openjdk-amd64/jre/lib/amd64/jli/libjli.so
7f00a3db3000-7f00a3fb2000 ---p 0000e000 fc:01 1816974                    /usr/lib/jvm/java-8-openjdk-amd64/jre/lib/amd64/jli/libjli.so
7f00a3fb2000-7f00a3fb3000 r--p 0000d000 fc:01 1816974                    /usr/lib/jvm/java-8-openjdk-amd64/jre/lib/amd64/jli/libjli.so
7f00a3fb3000-7f00a3fb4000 rw-p 0000e000 fc:01 1816974                    /usr/lib/jvm/java-8-openjdk-amd64/jre/lib/amd64/jli/libjli.so
7f00a3fb4000-7f00a3fdb000 r-xp 00000000 fc:01 13292                      /lib/x86_64-linux-gnu/ld-2.27.so
7f00a3fdb000-7f00a3fdc000 r--p 00000000 fc:01 25823                      /usr/lib/locale/C.UTF-8/LC_NAME
7f00a3fdc000-7f00a3fdd000 r--p 00000000 fc:01 25816                      /usr/lib/locale/C.UTF-8/LC_ADDRESS
7f00a3fdd000-7f00a3fde000 r--p 00000000 fc:01 25826                      /usr/lib/locale/C.UTF-8/LC_TELEPHONE
7f00a3fde000-7f00a3fdf000 r--p 00000000 fc:01 25820                      /usr/lib/locale/C.UTF-8/LC_MEASUREMENT
7f00a3fdf000-7f00a40b0000 rw-p 00000000 00:00 0 
7f00a40b0000-7f00a40b1000 ---p 00000000 00:00 0 
7f00a40b1000-7f00a40b4000 ---p 00000000 00:00 0 
7f00a40b4000-7f00a41b3000 rw-p 00000000 00:00 0 
7f00a41b3000-7f00a41ba000 r--s 00000000 fc:01 48023                      /usr/lib/x86_64-linux-gnu/gconv/gconv-modules.cache
7f00a41ba000-7f00a41bb000 r--p 00000000 fc:01 25819                      /usr/lib/locale/C.UTF-8/LC_IDENTIFICATION
7f00a41bb000-7f00a41cf000 rw-p 00000000 00:00 0 
7f00a41cf000-7f00a41d7000 rw-s 00000000 fc:01 4163185                    /tmp/hsperfdata_bahi227/6797
7f00a41d7000-7f00a41d8000 rw-p 00000000 00:00 0 
7f00a41d8000-7f00a41d9000 ---p 00000000 00:00 0 
7f00a41d9000-7f00a41db000 rw-p 00000000 00:00 0 
7f00a41db000-7f00a41dc000 r--p 00027000 fc:01 13292                      /lib/x86_64-linux-gnu/ld-2.27.so
7f00a41dc000-7f00a41dd000 rw-p 00028000 fc:01 13292                      /lib/x86_64-linux-gnu/ld-2.27.so
7f00a41dd000-7f00a41de000 rw-p 00000000 00:00 0 
7ffeb4c81000-7ffeb4ca3000 rw-p 00000000 00:00 0                          [stack]
7ffeb4d51000-7ffeb4d54000 r--p 00000000 00:00 0                          [vvar]
7ffeb4d54000-7ffeb4d56000 r-xp 00000000 00:00 0                          [vdso]
ffffffffff600000-ffffffffff601000 r-xp 00000000 00:00 0                  [vsyscall]

VM Arguments:
jvm_args: -XX:MaxPermSize=128m 
java_command: /home/bahi227/Documents/mp3/mp3/jenkins/core/target/surefire/surefirebooter270571689527482753.jar /home/bahi227/Documents/mp3/mp3/jenkins/core/target/surefire/surefire5686706423711463035tmp /home/bahi227/Documents/mp3/mp3/jenkins/core/target/surefire/surefire_08022770637126518641tmp
java_class_path (initial): /home/bahi227/Documents/mp3/mp3/jenkins/core/target/surefire/surefirebooter270571689527482753.jar
Launcher Type: SUN_STANDARD

Environment Variables:
JAVA_HOME=/usr/lib/jvm/java-8-openjdk-amd64
PATH=/usr/lib/jvm/java-8-openjdk-amd64/jre/bin:/usr/local/sbin:/usr/local/bin:/usr/sbin:/usr/bin:/sbin:/bin:/usr/games:/usr/local/games:/snap/bin
SHELL=/bin/bash
DISPLAY=:0

Signal Handlers:
SIGSEGV: [libjvm.so+0xabb430], sa_mask[0]=11111111011111111101111111111110, sa_flags=SA_RESTART|SA_SIGINFO
SIGBUS: [libjvm.so+0xabb430], sa_mask[0]=11111111011111111101111111111110, sa_flags=SA_RESTART|SA_SIGINFO
SIGFPE: [libjvm.so+0x8eb5b0], sa_mask[0]=11111111011111111101111111111110, sa_flags=SA_RESTART|SA_SIGINFO
SIGPIPE: [libjvm.so+0x8eb5b0], sa_mask[0]=11111111011111111101111111111110, sa_flags=SA_RESTART|SA_SIGINFO
SIGXFSZ: [libjvm.so+0x8eb5b0], sa_mask[0]=11111111011111111101111111111110, sa_flags=SA_RESTART|SA_SIGINFO
SIGILL: [libjvm.so+0x8eb5b0], sa_mask[0]=11111111011111111101111111111110, sa_flags=SA_RESTART|SA_SIGINFO
SIGUSR1: SIG_DFL, sa_mask[0]=00000000000000000000000000000000, sa_flags=none
SIGUSR2: [libjvm.so+0x8eb460], sa_mask[0]=00100000000000000000000000000000, sa_flags=SA_RESTART|SA_SIGINFO
SIGHUP: [libjvm.so+0x8ebad0], sa_mask[0]=11111111011111111101111111111110, sa_flags=SA_RESTART|SA_SIGINFO
SIGINT: [libjvm.so+0x8ebad0], sa_mask[0]=11111111011111111101111111111110, sa_flags=SA_RESTART|SA_SIGINFO
SIGTERM: [libjvm.so+0x8ebad0], sa_mask[0]=11111111011111111101111111111110, sa_flags=SA_RESTART|SA_SIGINFO
SIGQUIT: [libjvm.so+0x8ebad0], sa_mask[0]=11111111011111111101111111111110, sa_flags=SA_RESTART|SA_SIGINFO


---------------  S Y S T E M  ---------------

OS:DISTRIB_ID=Ubuntu
DISTRIB_RELEASE=18.04
DISTRIB_CODENAME=bionic
DISTRIB_DESCRIPTION="Ubuntu 18.04.5 LTS"

uname:Linux 4.15.0-112-generic #113-Ubuntu SMP Thu Jul 9 23:41:39 UTC 2020 x86_64
libc:glibc 2.27 NPTL 2.27 
rlimit: STACK 8192k, CORE 0k, NPROC 15517, NOFILE 4096, AS infinity
load average:3.64 3.11 3.48

/proc/meminfo:
MemTotal:        4039144 kB
MemFree:          107844 kB
MemAvailable:      24032 kB
Buffers:             492 kB
Cached:           120192 kB
SwapCached:            0 kB
Active:          3651660 kB
Inactive:          82140 kB
Active(anon):    3646620 kB
Inactive(anon):    56832 kB
Active(file):       5040 kB
Inactive(file):    25308 kB
Unevictable:          80 kB
Mlocked:              80 kB
SwapTotal:             0 kB
SwapFree:              0 kB
Dirty:               380 kB
Writeback:             0 kB
AnonPages:       3613284 kB
Mapped:           110608 kB
Shmem:             90248 kB
Slab:             100744 kB
SReclaimable:      43008 kB
SUnreclaim:        57736 kB
KernelStack:       10496 kB
PageTables:        49668 kB
NFS_Unstable:          0 kB
Bounce:                0 kB
WritebackTmp:          0 kB
CommitLimit:     2019572 kB
Committed_AS:    8128264 kB
VmallocTotal:   34359738367 kB
VmallocUsed:           0 kB
VmallocChunk:          0 kB
HardwareCorrupted:     0 kB
AnonHugePages:         0 kB
ShmemHugePages:        0 kB
ShmemPmdMapped:        0 kB
CmaTotal:              0 kB
CmaFree:               0 kB
HugePages_Total:       0
HugePages_Free:        0
HugePages_Rsvd:        0
HugePages_Surp:        0
Hugepagesize:       2048 kB
DirectMap4k:      227176 kB
DirectMap2M:     3966976 kB
DirectMap1G:     2097152 kB

container (cgroup) information:
container_type: cgroupv1
cpu_cpuset_cpus: 0-1
cpu_memory_nodes: 0
active_processor_count: 2
cpu_quota: -1
cpu_period: 100000
cpu_shares: -1
memory_limit_in_bytes: -1
memory_and_swap_limit_in_bytes: -2
memory_soft_limit_in_bytes: -1
memory_usage_in_bytes: 3623219200
memory_max_usage_in_bytes: 3626573824


CPU:total 2 (initial active 2) (1 cores per cpu, 1 threads per core) family 6 model 60 stepping 1, cmov, cx8, fxsr, mmx, sse, sse2, sse3, ssse3, sse4.1, sse4.2, popcnt, avx, avx2, aes, clmul, erms, lzcnt, tsc, bmi1, bmi2

/proc/cpuinfo:
processor	: 0
vendor_id	: GenuineIntel
cpu family	: 6
model		: 60
model name	: Intel Core Processor (Haswell, no TSX, IBRS)
stepping	: 1
microcode	: 0x1
cpu MHz		: 2497.106
cache size	: 16384 KB
physical id	: 0
siblings	: 1
core id		: 0
cpu cores	: 1
apicid		: 0
initial apicid	: 0
fpu		: yes
fpu_exception	: yes
cpuid level	: 13
wp		: yes
flags		: fpu vme de pse tsc msr pae mce cx8 apic sep mtrr pge mca cmov pat pse36 clflush mmx fxsr sse sse2 ss syscall nx pdpe1gb rdtscp lm constant_tsc rep_good nopl xtopology cpuid tsc_known_freq pni pclmulqdq vmx ssse3 fma cx16 pcid sse4_1 sse4_2 x2apic movbe popcnt tsc_deadline_timer aes xsave avx f16c rdrand hypervisor lahf_lm abm cpuid_fault invpcid_single pti ssbd ibrs ibpb tpr_shadow vnmi flexpriority ept vpid fsgsbase tsc_adjust bmi1 avx2 smep bmi2 erms invpcid xsaveopt arat md_clear
bugs		: cpu_meltdown spectre_v1 spectre_v2 spec_store_bypass l1tf mds swapgs itlb_multihit srbds
bogomips	: 4994.21
clflush size	: 64
cache_alignment	: 64
address sizes	: 40 bits physical, 48 bits virtual
power management:

processor	: 1
vendor_id	: GenuineIntel
cpu family	: 6
model		: 60
model name	: Intel Core Processor (Haswell, no TSX, IBRS)
stepping	: 1
microcode	: 0x1
cpu MHz		: 2497.106
cache size	: 16384 KB
physical id	: 1
siblings	: 1
core id		: 0
cpu cores	: 1
apicid		: 1
initial apicid	: 1
fpu		: yes
fpu_exception	: yes
cpuid level	: 13
wp		: yes
flags		: fpu vme de pse tsc msr pae mce cx8 apic sep mtrr pge mca cmov pat pse36 clflush mmx fxsr sse sse2 ss syscall nx pdpe1gb rdtscp lm constant_tsc rep_good nopl xtopology cpuid tsc_known_freq pni pclmulqdq vmx ssse3 fma cx16 pcid sse4_1 sse4_2 x2apic movbe popcnt tsc_deadline_timer aes xsave avx f16c rdrand hypervisor lahf_lm abm cpuid_fault invpcid_single pti ssbd ibrs ibpb tpr_shadow vnmi flexpriority ept vpid fsgsbase tsc_adjust bmi1 avx2 smep bmi2 erms invpcid xsaveopt arat md_clear
bugs		: cpu_meltdown spectre_v1 spectre_v2 spec_store_bypass l1tf mds swapgs itlb_multihit srbds
bogomips	: 4994.21
clflush size	: 64
cache_alignment	: 64
address sizes	: 40 bits physical, 48 bits virtual
power management:



Memory: 4k page, physical 4039144k(107224k free), swap 0k(0k free)

vm_info: OpenJDK 64-Bit Server VM (25.265-b01) for linux-amd64 JRE (1.8.0_265-8u265-b01-0ubuntu2~18.04-b01), built on Aug  3 2020 01:16:56 by "buildd" with gcc 7.5.0

time: Fri Oct 30 17:12:22 2020
timezone: EDT
elapsed time: 231 seconds (0d 0h 3m 51s)

